2019-03-23 17:28:45.336  INFO 20683 --- [           main] trationDelegate$BeanPostProcessorChecker : Bean 'org.springframework.cloud.autoconfigure.ConfigurationPropertiesRebinderAutoConfiguration' of type [org.springframework.cloud.autoconfigure.ConfigurationPropertiesRebinderAutoConfiguration$$EnhancerBySpringCGLIB$$c0f87ee0] is not eligible for getting processed by all BeanPostProcessors (for example: not eligible for auto-proxying)

  .   ____          _            __ _ _
 /\\ / ___'_ __ _ _(_)_ __  __ _ \ \ \ \
( ( )\___ | '_ | '_| | '_ \/ _` | \ \ \ \
 \\/  ___)| |_)| | | | | || (_| |  ) ) ) )
  '  |____| .__|_| |_|_| |_\__, | / / / /
 =========|_|==============|___/=/_/_/_/
 :: Spring Boot ::        (v2.1.3.RELEASE)

2019-03-23 17:28:46.701  INFO 20683 --- [           main] c.d.a.AccountServiceApplication          : No active profile set, falling back to default profiles: default
2019-03-23 17:29:00.124  WARN 20683 --- [           main] o.s.boot.actuate.endpoint.EndpointId     : Endpoint ID 'service-registry' contains invalid characters, please migrate to a valid format.
2019-03-23 17:29:00.308  WARN 20683 --- [           main] o.s.boot.actuate.endpoint.EndpointId     : Endpoint ID 'hystrix.stream' contains invalid characters, please migrate to a valid format.
2019-03-23 17:29:03.143  INFO 20683 --- [           main] o.s.cloud.context.scope.GenericScope     : BeanFactory id=26fddf36-c5ee-3c68-9e54-689db845bc78
2019-03-23 17:29:05.193  INFO 20683 --- [           main] trationDelegate$BeanPostProcessorChecker : Bean 'org.springframework.transaction.annotation.ProxyTransactionManagementConfiguration' of type [org.springframework.transaction.annotation.ProxyTransactionManagementConfiguration$$EnhancerBySpringCGLIB$$a4de7be3] is not eligible for getting processed by all BeanPostProcessors (for example: not eligible for auto-proxying)
2019-03-23 17:29:08.024  INFO 20683 --- [           main] trationDelegate$BeanPostProcessorChecker : Bean 'org.springframework.cloud.autoconfigure.ConfigurationPropertiesRebinderAutoConfiguration' of type [org.springframework.cloud.autoconfigure.ConfigurationPropertiesRebinderAutoConfiguration$$EnhancerBySpringCGLIB$$c0f87ee0] is not eligible for getting processed by all BeanPostProcessors (for example: not eligible for auto-proxying)
2019-03-23 17:29:12.298  INFO 20683 --- [           main] o.s.b.w.embedded.tomcat.TomcatWebServer  : Tomcat initialized with port(s): 8701 (http)
2019-03-23 17:29:12.583  INFO 20683 --- [           main] o.apache.catalina.core.StandardService   : Starting service [Tomcat]
2019-03-23 17:29:12.583  INFO 20683 --- [           main] org.apache.catalina.core.StandardEngine  : Starting Servlet engine: [Apache Tomcat/9.0.16]
2019-03-23 17:29:12.625  INFO 20683 --- [           main] o.a.catalina.core.AprLifecycleListener   : The APR based Apache Tomcat Native library which allows optimal performance in production environments was not found on the java.library.path: [/Users/app/Library/Java/Extensions:/Library/Java/Extensions:/Network/Library/Java/Extensions:/System/Library/Java/Extensions:/usr/lib/java:.]
2019-03-23 17:29:13.296  INFO 20683 --- [           main] o.a.c.c.C.[Tomcat].[localhost].[/]       : Initializing Spring embedded WebApplicationContext
2019-03-23 17:29:13.296  INFO 20683 --- [           main] o.s.web.context.ContextLoader            : Root WebApplicationContext: initialization completed in 26110 ms
2019-03-23 17:29:13.565  WARN 20683 --- [           main] c.n.c.sources.URLConfigurationSource     : No URLs will be polled as dynamic configuration sources.
2019-03-23 17:29:13.565  INFO 20683 --- [           main] c.n.c.sources.URLConfigurationSource     : To enable URLs as dynamic configuration sources, define System property archaius.configurationSource.additionalUrls or make config.properties available on classpath.
2019-03-23 17:29:13.676  INFO 20683 --- [           main] c.netflix.config.DynamicPropertyFactory  : DynamicPropertyFactory is initialized with configuration sources: com.netflix.config.ConcurrentCompositeConfiguration@53f6fd09
2019-03-23 17:29:19.391  INFO 20683 --- [           main] c.a.d.s.b.a.DruidDataSourceAutoConfigure : Init DruidDataSource
Loading class `com.mysql.jdbc.Driver'. This is deprecated. The new driver class is `com.mysql.cj.jdbc.Driver'. The driver is automatically registered via the SPI and manual loading of the driver class is generally unnecessary.
log4j:WARN No appenders could be found for logger (druid.sql.Connection).
log4j:WARN Please initialize the log4j system properly.
log4j:WARN See http://logging.apache.org/log4j/1.2/faq.html#noconfig for more info.
2019-03-23 17:29:41.025  INFO 20683 --- [           main] com.alibaba.druid.pool.DruidDataSource   : {dataSource-1} inited
2019-03-23 17:30:53.112  INFO 20683 --- [           main] o.s.s.web.DefaultSecurityFilterChain     : Creating filter chain: OrRequestMatcher [requestMatchers=[Ant [pattern='/oauth/token'], Ant [pattern='/oauth/token_key'], Ant [pattern='/oauth/check_token']]], [org.springframework.security.web.context.request.async.WebAsyncManagerIntegrationFilter@6ca0256d, org.springframework.security.web.context.SecurityContextPersistenceFilter@55e8ec2f, org.springframework.security.web.header.HeaderWriterFilter@7b64240d, org.springframework.security.web.authentication.logout.LogoutFilter@83298d7, org.springframework.security.web.authentication.www.BasicAuthenticationFilter@1de5f0ef, org.springframework.security.web.savedrequest.RequestCacheAwareFilter@6d24ffa1, org.springframework.security.web.servletapi.SecurityContextHolderAwareRequestFilter@878452d, org.springframework.security.web.authentication.AnonymousAuthenticationFilter@5ef0d29e, org.springframework.security.web.session.SessionManagementFilter@47dbb1e2, org.springframework.security.web.access.ExceptionTranslationFilter@20b5f2ac, org.springframework.security.web.access.intercept.FilterSecurityInterceptor@3f1c5af9]
2019-03-23 17:30:53.181  INFO 20683 --- [           main] o.s.s.web.DefaultSecurityFilterChain     : Creating filter chain: Ant [pattern='/**'], [org.springframework.security.web.context.request.async.WebAsyncManagerIntegrationFilter@2c104774, org.springframework.security.web.context.SecurityContextPersistenceFilter@40258c2f, org.springframework.security.web.header.HeaderWriterFilter@7c56e013, org.springframework.security.web.authentication.logout.LogoutFilter@16f7b4af, org.springframework.security.oauth2.provider.authentication.OAuth2AuthenticationProcessingFilter@34a1d21f, org.springframework.security.web.savedrequest.RequestCacheAwareFilter@2cac4385, org.springframework.security.web.servletapi.SecurityContextHolderAwareRequestFilter@6731787b, org.springframework.security.web.authentication.AnonymousAuthenticationFilter@2cb3d0f7, org.springframework.security.web.session.SessionManagementFilter@3fc9dfc5, org.springframework.security.web.access.ExceptionTranslationFilter@4275c20c, org.springframework.security.web.access.intercept.FilterSecurityInterceptor@6f0ca692]
2019-03-23 17:30:53.583  INFO 20683 --- [           main] o.s.s.web.DefaultSecurityFilterChain     : Creating filter chain: any request, [org.springframework.security.web.context.request.async.WebAsyncManagerIntegrationFilter@768ccdc5, org.springframework.security.web.context.SecurityContextPersistenceFilter@f27ea3, org.springframework.security.web.header.HeaderWriterFilter@3383649e, org.springframework.security.web.csrf.CsrfFilter@67389cb8, org.springframework.security.web.authentication.logout.LogoutFilter@9bd0fa6, org.springframework.security.web.authentication.UsernamePasswordAuthenticationFilter@46f699d5, org.springframework.security.web.authentication.ui.DefaultLoginPageGeneratingFilter@4bf3798b, org.springframework.security.web.authentication.ui.DefaultLogoutPageGeneratingFilter@4c6daf0, org.springframework.security.web.authentication.www.BasicAuthenticationFilter@1991f767, org.springframework.security.web.savedrequest.RequestCacheAwareFilter@1ce61929, org.springframework.security.web.servletapi.SecurityContextHolderAwareRequestFilter@346939bf, org.springframework.security.web.authentication.AnonymousAuthenticationFilter@10650953, org.springframework.security.web.session.SessionManagementFilter@10fde30a, org.springframework.security.web.access.ExceptionTranslationFilter@533377b, org.springframework.security.web.access.intercept.FilterSecurityInterceptor@f6c03cb]
2019-03-23 17:30:54.370  WARN 20683 --- [           main] c.n.c.sources.URLConfigurationSource     : No URLs will be polled as dynamic configuration sources.
2019-03-23 17:30:54.371  INFO 20683 --- [           main] c.n.c.sources.URLConfigurationSource     : To enable URLs as dynamic configuration sources, define System property archaius.configurationSource.additionalUrls or make config.properties available on classpath.
2019-03-23 17:31:00.243  INFO 20683 --- [           main] o.s.s.concurrent.ThreadPoolTaskExecutor  : Initializing ExecutorService 'applicationTaskExecutor'
2019-03-23 17:31:02.109  WARN 20683 --- [           main] ion$DefaultTemplateResolverConfiguration : Cannot find template location: classpath:/templates/ (please add some templates or check your Thymeleaf configuration)
2019-03-23 17:31:19.407  INFO 20683 --- [           main] o.s.b.a.e.web.EndpointLinksResolver      : Exposing 2 endpoint(s) beneath base path '/actuator'
2019-03-23 17:31:33.744  INFO 20683 --- [           main] o.s.c.n.eureka.InstanceInfoFactory       : Setting initial instance status as: STARTING
2019-03-23 17:31:35.429  INFO 20683 --- [           main] com.netflix.discovery.DiscoveryClient    : Initializing Eureka in region us-east-1
2019-03-23 17:31:43.724  INFO 20683 --- [           main] c.n.d.provider.DiscoveryJerseyProvider   : Using JSON encoding codec LegacyJacksonJson
2019-03-23 17:31:43.738  INFO 20683 --- [           main] c.n.d.provider.DiscoveryJerseyProvider   : Using JSON decoding codec LegacyJacksonJson
2019-03-23 17:31:52.156  INFO 20683 --- [           main] c.n.d.provider.DiscoveryJerseyProvider   : Using XML encoding codec XStreamXml
2019-03-23 17:31:52.159  INFO 20683 --- [           main] c.n.d.provider.DiscoveryJerseyProvider   : Using XML decoding codec XStreamXml
2019-03-23 17:31:57.450  INFO 20683 --- [           main] c.n.d.s.r.aws.ConfigClusterResolver      : Resolving eureka endpoints via configuration
2019-03-23 17:31:57.838  INFO 20683 --- [           main] com.netflix.discovery.DiscoveryClient    : Disable delta property : false
2019-03-23 17:31:57.838  INFO 20683 --- [           main] com.netflix.discovery.DiscoveryClient    : Single vip registry refresh property : null
2019-03-23 17:31:57.838  INFO 20683 --- [           main] com.netflix.discovery.DiscoveryClient    : Force full registry fetch : false
2019-03-23 17:31:57.838  INFO 20683 --- [           main] com.netflix.discovery.DiscoveryClient    : Application is null : false
2019-03-23 17:31:57.838  INFO 20683 --- [           main] com.netflix.discovery.DiscoveryClient    : Registered Applications size is zero : true
2019-03-23 17:31:57.839  INFO 20683 --- [           main] com.netflix.discovery.DiscoveryClient    : Application version is -1: true
2019-03-23 17:31:57.839  INFO 20683 --- [           main] com.netflix.discovery.DiscoveryClient    : Getting all instance registry info from the eureka server
2019-03-23 17:32:01.861  INFO 20683 --- [           main] com.netflix.discovery.DiscoveryClient    : The response status is 200
2019-03-23 17:32:01.897  INFO 20683 --- [           main] com.netflix.discovery.DiscoveryClient    : Starting heartbeat executor: renew interval is: 30
2019-03-23 17:32:01.925  INFO 20683 --- [           main] c.n.discovery.InstanceInfoReplicator     : InstanceInfoReplicator onDemand update allowed rate per min is 4
2019-03-23 17:32:01.943  INFO 20683 --- [           main] com.netflix.discovery.DiscoveryClient    : Discovery Client initialized at timestamp 1553333521939 with initial instances count: 5
2019-03-23 17:32:01.979  INFO 20683 --- [           main] o.s.c.n.e.s.EurekaServiceRegistry        : Registering application ACCOUNT-SERVICE with eureka with status UP
2019-03-23 17:32:01.981  INFO 20683 --- [           main] com.netflix.discovery.DiscoveryClient    : Saw local status change event StatusChangeEvent [timestamp=1553333521981, current=UP, previous=STARTING]
2019-03-23 17:32:02.019  INFO 20683 --- [nfoReplicator-0] com.netflix.discovery.DiscoveryClient    : DiscoveryClient_ACCOUNT-SERVICE/169.254.66.60:account-service:8701: registering service...
2019-03-23 17:32:02.360  INFO 20683 --- [nfoReplicator-0] com.netflix.discovery.DiscoveryClient    : DiscoveryClient_ACCOUNT-SERVICE/169.254.66.60:account-service:8701 - registration status: 204
2019-03-23 17:32:02.889  INFO 20683 --- [           main] o.s.b.w.embedded.tomcat.TomcatWebServer  : Tomcat started on port(s): 8701 (http) with context path ''
2019-03-23 17:32:02.899  INFO 20683 --- [           main] .s.c.n.e.s.EurekaAutoServiceRegistration : Updating port to 8701
2019-03-23 17:32:02.932  INFO 20683 --- [           main] c.d.a.AccountServiceApplication          : Started AccountServiceApplication in 207.923 seconds (JVM running for 212.233)
