2019-03-23 17:28:47.229  INFO 20689 --- [           main] trationDelegate$BeanPostProcessorChecker : Bean 'org.springframework.cloud.autoconfigure.ConfigurationPropertiesRebinderAutoConfiguration' of type [org.springframework.cloud.autoconfigure.ConfigurationPropertiesRebinderAutoConfiguration$$EnhancerBySpringCGLIB$$f47aa6f2] is not eligible for getting processed by all BeanPostProcessors (for example: not eligible for auto-proxying)

  .   ____          _            __ _ _
 /\\ / ___'_ __ _ _(_)_ __  __ _ \ \ \ \
( ( )\___ | '_ | '_| | '_ \/ _` | \ \ \ \
 \\/  ___)| |_)| | | | | || (_| |  ) ) ) )
  '  |____| .__|_| |_|_| |_\__, | / / / /
 =========|_|==============|___/=/_/_/_/
 :: Spring Boot ::        (v2.1.3.RELEASE)

2019-03-23 17:28:48.506  INFO 20689 --- [           main] c.d.cartservice.CartServiceApplication   : No active profile set, falling back to default profiles: default
2019-03-23 17:28:58.725  WARN 20689 --- [           main] o.s.boot.actuate.endpoint.EndpointId     : Endpoint ID 'service-registry' contains invalid characters, please migrate to a valid format.
2019-03-23 17:28:58.747  WARN 20689 --- [           main] o.s.boot.actuate.endpoint.EndpointId     : Endpoint ID 'hystrix.stream' contains invalid characters, please migrate to a valid format.
2019-03-23 17:29:01.673  INFO 20689 --- [           main] o.s.cloud.context.scope.GenericScope     : BeanFactory id=1d88a57d-ad3a-3cc7-be12-fe1d7a9d62e6
2019-03-23 17:29:02.952  INFO 20689 --- [           main] trationDelegate$BeanPostProcessorChecker : Bean 'org.springframework.transaction.annotation.ProxyTransactionManagementConfiguration' of type [org.springframework.transaction.annotation.ProxyTransactionManagementConfiguration$$EnhancerBySpringCGLIB$$d860a3f5] is not eligible for getting processed by all BeanPostProcessors (for example: not eligible for auto-proxying)
2019-03-23 17:29:04.988  INFO 20689 --- [           main] trationDelegate$BeanPostProcessorChecker : Bean 'org.springframework.cloud.autoconfigure.ConfigurationPropertiesRebinderAutoConfiguration' of type [org.springframework.cloud.autoconfigure.ConfigurationPropertiesRebinderAutoConfiguration$$EnhancerBySpringCGLIB$$f47aa6f2] is not eligible for getting processed by all BeanPostProcessors (for example: not eligible for auto-proxying)
2019-03-23 17:29:08.736  INFO 20689 --- [           main] o.s.b.w.embedded.tomcat.TomcatWebServer  : Tomcat initialized with port(s): 8821 (http)
2019-03-23 17:29:09.091  INFO 20689 --- [           main] o.apache.catalina.core.StandardService   : Starting service [Tomcat]
2019-03-23 17:29:09.092  INFO 20689 --- [           main] org.apache.catalina.core.StandardEngine  : Starting Servlet engine: [Apache Tomcat/9.0.16]
2019-03-23 17:29:09.132  INFO 20689 --- [           main] o.a.catalina.core.AprLifecycleListener   : The APR based Apache Tomcat Native library which allows optimal performance in production environments was not found on the java.library.path: [/Users/app/Library/Java/Extensions:/Library/Java/Extensions:/Network/Library/Java/Extensions:/System/Library/Java/Extensions:/usr/lib/java:.]
2019-03-23 17:29:09.793  INFO 20689 --- [           main] o.a.c.c.C.[Tomcat].[localhost].[/]       : Initializing Spring embedded WebApplicationContext
2019-03-23 17:29:09.793  INFO 20689 --- [           main] o.s.web.context.ContextLoader            : Root WebApplicationContext: initialization completed in 20970 ms
2019-03-23 17:29:10.130  WARN 20689 --- [           main] c.n.c.sources.URLConfigurationSource     : No URLs will be polled as dynamic configuration sources.
2019-03-23 17:29:10.130  INFO 20689 --- [           main] c.n.c.sources.URLConfigurationSource     : To enable URLs as dynamic configuration sources, define System property archaius.configurationSource.additionalUrls or make config.properties available on classpath.
2019-03-23 17:29:10.145  INFO 20689 --- [           main] c.netflix.config.DynamicPropertyFactory  : DynamicPropertyFactory is initialized with configuration sources: com.netflix.config.ConcurrentCompositeConfiguration@3d3e5463
2019-03-23 17:29:13.214  INFO 20689 --- [           main] c.a.d.s.b.a.DruidDataSourceAutoConfigure : Init DruidDataSource
Loading class `com.mysql.jdbc.Driver'. This is deprecated. The new driver class is `com.mysql.cj.jdbc.Driver'. The driver is automatically registered via the SPI and manual loading of the driver class is generally unnecessary.
log4j:WARN No appenders could be found for logger (druid.sql.Connection).
log4j:WARN Please initialize the log4j system properly.
log4j:WARN See http://logging.apache.org/log4j/1.2/faq.html#noconfig for more info.
2019-03-23 17:29:20.721  INFO 20689 --- [           main] com.alibaba.druid.pool.DruidDataSource   : {dataSource-1} inited
2019-03-23 17:30:08.955  WARN 20689 --- [           main] c.n.c.sources.URLConfigurationSource     : No URLs will be polled as dynamic configuration sources.
2019-03-23 17:30:08.957  INFO 20689 --- [           main] c.n.c.sources.URLConfigurationSource     : To enable URLs as dynamic configuration sources, define System property archaius.configurationSource.additionalUrls or make config.properties available on classpath.
2019-03-23 17:30:18.665  INFO 20689 --- [           main] o.s.s.concurrent.ThreadPoolTaskExecutor  : Initializing ExecutorService 'applicationTaskExecutor'
2019-03-23 17:30:41.248  INFO 20689 --- [           main] .s.s.UserDetailsServiceAutoConfiguration : 

Using generated security password: 9aa62de9-1462-4aa1-a984-b6fe115f4136

2019-03-23 17:30:53.059  INFO 20689 --- [           main] o.s.s.web.DefaultSecurityFilterChain     : Creating filter chain: any request, [org.springframework.security.web.context.request.async.WebAsyncManagerIntegrationFilter@7de0c6ae, org.springframework.security.web.context.SecurityContextPersistenceFilter@29cfd92b, org.springframework.security.web.header.HeaderWriterFilter@b672aa8, org.springframework.security.web.authentication.logout.LogoutFilter@4a8ab068, org.springframework.security.oauth2.provider.authentication.OAuth2AuthenticationProcessingFilter@74bdc168, org.springframework.security.web.savedrequest.RequestCacheAwareFilter@7997b197, org.springframework.security.web.servletapi.SecurityContextHolderAwareRequestFilter@55f3c410, org.springframework.security.web.authentication.AnonymousAuthenticationFilter@a486d78, org.springframework.security.web.session.SessionManagementFilter@ec0c838, org.springframework.security.web.access.ExceptionTranslationFilter@1bdf8190, org.springframework.security.web.access.intercept.FilterSecurityInterceptor@754777cd]
2019-03-23 17:30:57.677  INFO 20689 --- [           main] o.s.b.a.e.web.EndpointLinksResolver      : Exposing 2 endpoint(s) beneath base path '/actuator'
2019-03-23 17:31:05.871  INFO 20689 --- [           main] o.s.c.n.eureka.InstanceInfoFactory       : Setting initial instance status as: STARTING
2019-03-23 17:31:08.474  INFO 20689 --- [           main] com.netflix.discovery.DiscoveryClient    : Initializing Eureka in region us-east-1
2019-03-23 17:31:19.433  INFO 20689 --- [           main] c.n.d.provider.DiscoveryJerseyProvider   : Using JSON encoding codec LegacyJacksonJson
2019-03-23 17:31:19.438  INFO 20689 --- [           main] c.n.d.provider.DiscoveryJerseyProvider   : Using JSON decoding codec LegacyJacksonJson
2019-03-23 17:31:29.439  INFO 20689 --- [           main] c.n.d.provider.DiscoveryJerseyProvider   : Using XML encoding codec XStreamXml
2019-03-23 17:31:29.478  INFO 20689 --- [           main] c.n.d.provider.DiscoveryJerseyProvider   : Using XML decoding codec XStreamXml
2019-03-23 17:31:36.711  INFO 20689 --- [           main] c.n.d.s.r.aws.ConfigClusterResolver      : Resolving eureka endpoints via configuration
2019-03-23 17:31:38.886  INFO 20689 --- [           main] com.netflix.discovery.DiscoveryClient    : Disable delta property : false
2019-03-23 17:31:38.898  INFO 20689 --- [           main] com.netflix.discovery.DiscoveryClient    : Single vip registry refresh property : null
2019-03-23 17:31:38.898  INFO 20689 --- [           main] com.netflix.discovery.DiscoveryClient    : Force full registry fetch : false
2019-03-23 17:31:38.898  INFO 20689 --- [           main] com.netflix.discovery.DiscoveryClient    : Application is null : false
2019-03-23 17:31:38.898  INFO 20689 --- [           main] com.netflix.discovery.DiscoveryClient    : Registered Applications size is zero : true
2019-03-23 17:31:38.898  INFO 20689 --- [           main] com.netflix.discovery.DiscoveryClient    : Application version is -1: true
2019-03-23 17:31:38.899  INFO 20689 --- [           main] com.netflix.discovery.DiscoveryClient    : Getting all instance registry info from the eureka server
2019-03-23 17:31:48.320  INFO 20689 --- [           main] com.netflix.discovery.DiscoveryClient    : The response status is 200
2019-03-23 17:31:48.708  INFO 20689 --- [           main] com.netflix.discovery.DiscoveryClient    : Starting heartbeat executor: renew interval is: 30
2019-03-23 17:31:49.038  INFO 20689 --- [           main] c.n.discovery.InstanceInfoReplicator     : InstanceInfoReplicator onDemand update allowed rate per min is 4
2019-03-23 17:31:49.711  INFO 20689 --- [           main] com.netflix.discovery.DiscoveryClient    : Discovery Client initialized at timestamp 1553333509303 with initial instances count: 5
2019-03-23 17:31:51.293  INFO 20689 --- [           main] o.s.c.n.e.s.EurekaServiceRegistry        : Registering application CART-SERVICE with eureka with status UP
2019-03-23 17:31:51.307  INFO 20689 --- [           main] com.netflix.discovery.DiscoveryClient    : Saw local status change event StatusChangeEvent [timestamp=1553333511307, current=UP, previous=STARTING]
2019-03-23 17:31:51.336  INFO 20689 --- [nfoReplicator-0] com.netflix.discovery.DiscoveryClient    : DiscoveryClient_CART-SERVICE/169.254.66.60:cart-service:8821: registering service...
2019-03-23 17:31:52.980  INFO 20689 --- [nfoReplicator-0] com.netflix.discovery.DiscoveryClient    : DiscoveryClient_CART-SERVICE/169.254.66.60:cart-service:8821 - registration status: 204
2019-03-23 17:31:54.189  INFO 20689 --- [           main] o.s.b.w.embedded.tomcat.TomcatWebServer  : Tomcat started on port(s): 8821 (http) with context path ''
2019-03-23 17:31:54.202  INFO 20689 --- [           main] .s.c.n.e.s.EurekaAutoServiceRegistration : Updating port to 8821
2019-03-23 17:31:54.248  INFO 20689 --- [           main] c.d.cartservice.CartServiceApplication   : Started CartServiceApplication in 197.042 seconds (JVM running for 203.543)
