2019-03-23 17:28:49.335  INFO 20698 --- [           main] trationDelegate$BeanPostProcessorChecker : Bean 'org.springframework.cloud.autoconfigure.ConfigurationPropertiesRebinderAutoConfiguration' of type [org.springframework.cloud.autoconfigure.ConfigurationPropertiesRebinderAutoConfiguration$$EnhancerBySpringCGLIB$$aa6b7bd] is not eligible for getting processed by all BeanPostProcessors (for example: not eligible for auto-proxying)

  .   ____          _            __ _ _
 /\\ / ___'_ __ _ _(_)_ __  __ _ \ \ \ \
( ( )\___ | '_ | '_| | '_ \/ _` | \ \ \ \
 \\/  ___)| |_)| | | | | || (_| |  ) ) ) )
  '  |____| .__|_| |_|_| |_\__, | / / / /
 =========|_|==============|___/=/_/_/_/
 :: Spring Boot ::        (v2.1.3.RELEASE)

2019-03-23 17:28:50.735  INFO 20698 --- [           main] c.d.edgeservice.EdgeServiceApplication   : No active profile set, falling back to default profiles: default
2019-03-23 17:29:02.604  WARN 20698 --- [           main] o.s.boot.actuate.endpoint.EndpointId     : Endpoint ID 'service-registry' contains invalid characters, please migrate to a valid format.
2019-03-23 17:29:02.757  WARN 20698 --- [           main] o.s.boot.actuate.endpoint.EndpointId     : Endpoint ID 'hystrix.stream' contains invalid characters, please migrate to a valid format.
2019-03-23 17:29:06.026  INFO 20698 --- [           main] o.s.cloud.context.scope.GenericScope     : BeanFactory id=e707e1c3-318f-345c-af4a-b4c80ab93d48
2019-03-23 17:29:06.176  INFO 20698 --- [           main] trationDelegate$BeanPostProcessorChecker : Bean 'com.doer.edgeservice.Service.AccountService' of type [org.springframework.cloud.openfeign.FeignClientFactoryBean] is not eligible for getting processed by all BeanPostProcessors (for example: not eligible for auto-proxying)
2019-03-23 17:29:06.178  INFO 20698 --- [           main] trationDelegate$BeanPostProcessorChecker : Bean 'com.doer.edgeservice.Service.OrderService' of type [org.springframework.cloud.openfeign.FeignClientFactoryBean] is not eligible for getting processed by all BeanPostProcessors (for example: not eligible for auto-proxying)
2019-03-23 17:29:06.180  INFO 20698 --- [           main] trationDelegate$BeanPostProcessorChecker : Bean 'com.doer.edgeservice.Service.PaymentService' of type [org.springframework.cloud.openfeign.FeignClientFactoryBean] is not eligible for getting processed by all BeanPostProcessors (for example: not eligible for auto-proxying)
2019-03-23 17:29:06.181  INFO 20698 --- [           main] trationDelegate$BeanPostProcessorChecker : Bean 'com.doer.edgeservice.Service.ProductService' of type [org.springframework.cloud.openfeign.FeignClientFactoryBean] is not eligible for getting processed by all BeanPostProcessors (for example: not eligible for auto-proxying)
2019-03-23 17:29:06.183  INFO 20698 --- [           main] trationDelegate$BeanPostProcessorChecker : Bean 'com.doer.edgeservice.Service.CartService' of type [org.springframework.cloud.openfeign.FeignClientFactoryBean] is not eligible for getting processed by all BeanPostProcessors (for example: not eligible for auto-proxying)
2019-03-23 17:29:10.291  INFO 20698 --- [           main] trationDelegate$BeanPostProcessorChecker : Bean 'org.springframework.cloud.autoconfigure.ConfigurationPropertiesRebinderAutoConfiguration' of type [org.springframework.cloud.autoconfigure.ConfigurationPropertiesRebinderAutoConfiguration$$EnhancerBySpringCGLIB$$aa6b7bd] is not eligible for getting processed by all BeanPostProcessors (for example: not eligible for auto-proxying)
2019-03-23 17:29:14.261  INFO 20698 --- [           main] o.s.b.w.embedded.tomcat.TomcatWebServer  : Tomcat initialized with port(s): 8000 (http)
2019-03-23 17:29:14.423  INFO 20698 --- [           main] o.apache.catalina.core.StandardService   : Starting service [Tomcat]
2019-03-23 17:29:14.424  INFO 20698 --- [           main] org.apache.catalina.core.StandardEngine  : Starting Servlet engine: [Apache Tomcat/9.0.16]
2019-03-23 17:29:14.439  INFO 20698 --- [           main] o.a.catalina.core.AprLifecycleListener   : The APR based Apache Tomcat Native library which allows optimal performance in production environments was not found on the java.library.path: [/Users/app/Library/Java/Extensions:/Library/Java/Extensions:/Network/Library/Java/Extensions:/System/Library/Java/Extensions:/usr/lib/java:.]
2019-03-23 17:29:15.357  INFO 20698 --- [           main] o.a.c.c.C.[Tomcat].[localhost].[/]       : Initializing Spring embedded WebApplicationContext
2019-03-23 17:29:15.357  INFO 20698 --- [           main] o.s.web.context.ContextLoader            : Root WebApplicationContext: initialization completed in 24315 ms
2019-03-23 17:29:15.924  WARN 20698 --- [           main] c.n.c.sources.URLConfigurationSource     : No URLs will be polled as dynamic configuration sources.
2019-03-23 17:29:15.924  INFO 20698 --- [           main] c.n.c.sources.URLConfigurationSource     : To enable URLs as dynamic configuration sources, define System property archaius.configurationSource.additionalUrls or make config.properties available on classpath.
2019-03-23 17:29:15.938  INFO 20698 --- [           main] c.netflix.config.DynamicPropertyFactory  : DynamicPropertyFactory is initialized with configuration sources: com.netflix.config.ConcurrentCompositeConfiguration@1608bcbd
2019-03-23 17:29:56.826  INFO 20698 --- [           main] o.s.c.n.eureka.InstanceInfoFactory       : Setting initial instance status as: STARTING
2019-03-23 17:29:58.902  INFO 20698 --- [           main] com.netflix.discovery.DiscoveryClient    : Initializing Eureka in region us-east-1
2019-03-23 17:30:14.145  INFO 20698 --- [           main] c.n.d.provider.DiscoveryJerseyProvider   : Using JSON encoding codec LegacyJacksonJson
2019-03-23 17:30:14.219  INFO 20698 --- [           main] c.n.d.provider.DiscoveryJerseyProvider   : Using JSON decoding codec LegacyJacksonJson
2019-03-23 17:30:18.975  INFO 20698 --- [           main] c.n.d.provider.DiscoveryJerseyProvider   : Using XML encoding codec XStreamXml
2019-03-23 17:30:18.976  INFO 20698 --- [           main] c.n.d.provider.DiscoveryJerseyProvider   : Using XML decoding codec XStreamXml
2019-03-23 17:30:34.132  INFO 20698 --- [           main] c.n.d.s.r.aws.ConfigClusterResolver      : Resolving eureka endpoints via configuration
2019-03-23 17:30:35.278  INFO 20698 --- [           main] com.netflix.discovery.DiscoveryClient    : Disable delta property : false
2019-03-23 17:30:35.279  INFO 20698 --- [           main] com.netflix.discovery.DiscoveryClient    : Single vip registry refresh property : null
2019-03-23 17:30:35.280  INFO 20698 --- [           main] com.netflix.discovery.DiscoveryClient    : Force full registry fetch : false
2019-03-23 17:30:35.280  INFO 20698 --- [           main] com.netflix.discovery.DiscoveryClient    : Application is null : false
2019-03-23 17:30:35.281  INFO 20698 --- [           main] com.netflix.discovery.DiscoveryClient    : Registered Applications size is zero : true
2019-03-23 17:30:35.281  INFO 20698 --- [           main] com.netflix.discovery.DiscoveryClient    : Application version is -1: true
2019-03-23 17:30:35.281  INFO 20698 --- [           main] com.netflix.discovery.DiscoveryClient    : Getting all instance registry info from the eureka server
2019-03-23 17:30:45.373  INFO 20698 --- [           main] com.netflix.discovery.DiscoveryClient    : The response status is 200
2019-03-23 17:30:45.582  INFO 20698 --- [           main] com.netflix.discovery.DiscoveryClient    : Starting heartbeat executor: renew interval is: 30
2019-03-23 17:30:45.616  INFO 20698 --- [           main] c.n.discovery.InstanceInfoReplicator     : InstanceInfoReplicator onDemand update allowed rate per min is 4
2019-03-23 17:30:45.677  INFO 20698 --- [           main] com.netflix.discovery.DiscoveryClient    : Discovery Client initialized at timestamp 1553333445655 with initial instances count: 3
2019-03-23 17:30:55.470  WARN 20698 --- [           main] c.n.c.sources.URLConfigurationSource     : No URLs will be polled as dynamic configuration sources.
2019-03-23 17:30:55.476  INFO 20698 --- [           main] c.n.c.sources.URLConfigurationSource     : To enable URLs as dynamic configuration sources, define System property archaius.configurationSource.additionalUrls or make config.properties available on classpath.
2019-03-23 17:31:00.421  INFO 20698 --- [           main] o.s.s.concurrent.ThreadPoolTaskExecutor  : Initializing ExecutorService 'applicationTaskExecutor'
2019-03-23 17:31:14.290  INFO 20698 --- [           main] .s.s.UserDetailsServiceAutoConfiguration : 

Using generated security password: 492f594c-4b2d-4f65-a3b0-a1830ec06bfd

2019-03-23 17:31:15.772  INFO 20698 --- [tbeatExecutor-0] com.netflix.discovery.DiscoveryClient    : DiscoveryClient_EDGE-SERVICE/169.254.66.60:edge-service:8000 - Re-registering apps/EDGE-SERVICE
2019-03-23 17:31:15.798  INFO 20698 --- [tbeatExecutor-0] com.netflix.discovery.DiscoveryClient    : DiscoveryClient_EDGE-SERVICE/169.254.66.60:edge-service:8000: registering service...
2019-03-23 17:31:16.527  INFO 20698 --- [tbeatExecutor-0] com.netflix.discovery.DiscoveryClient    : DiscoveryClient_EDGE-SERVICE/169.254.66.60:edge-service:8000 - registration status: 204
2019-03-23 17:31:34.348  INFO 20698 --- [           main] o.s.s.web.DefaultSecurityFilterChain     : Creating filter chain: Ant [pattern='/**'], [org.springframework.security.web.context.request.async.WebAsyncManagerIntegrationFilter@6b9c69a9, org.springframework.security.web.context.SecurityContextPersistenceFilter@33a630fa, org.springframework.security.web.header.HeaderWriterFilter@3e521715, org.springframework.security.web.authentication.logout.LogoutFilter@4f7c0be3, org.springframework.security.oauth2.provider.authentication.OAuth2AuthenticationProcessingFilter@602c4656, org.springframework.security.web.savedrequest.RequestCacheAwareFilter@30e92cb9, org.springframework.security.web.servletapi.SecurityContextHolderAwareRequestFilter@3f4f9acd, org.springframework.security.web.authentication.AnonymousAuthenticationFilter@6622a690, org.springframework.security.web.session.SessionManagementFilter@265c5d69, org.springframework.security.web.access.ExceptionTranslationFilter@794b435f, org.springframework.security.web.access.intercept.FilterSecurityInterceptor@1d035be3]
2019-03-23 17:31:36.614  INFO 20698 --- [           main] o.s.b.a.e.web.EndpointLinksResolver      : Exposing 2 endpoint(s) beneath base path '/actuator'
2019-03-23 17:31:42.483  INFO 20698 --- [           main] o.s.c.n.zuul.ZuulFilterInitializer       : Starting filter initializer
2019-03-23 17:31:45.327  INFO 20698 --- [           main] o.s.c.n.e.s.EurekaServiceRegistry        : Registering application EDGE-SERVICE with eureka with status UP
2019-03-23 17:31:45.365  INFO 20698 --- [           main] com.netflix.discovery.DiscoveryClient    : Saw local status change event StatusChangeEvent [timestamp=1553333505365, current=UP, previous=STARTING]
2019-03-23 17:31:45.368  INFO 20698 --- [nfoReplicator-0] com.netflix.discovery.DiscoveryClient    : DiscoveryClient_EDGE-SERVICE/169.254.66.60:edge-service:8000: registering service...
2019-03-23 17:31:45.456  INFO 20698 --- [nfoReplicator-0] com.netflix.discovery.DiscoveryClient    : DiscoveryClient_EDGE-SERVICE/169.254.66.60:edge-service:8000 - registration status: 204
2019-03-23 17:31:49.206  INFO 20698 --- [           main] o.s.b.w.embedded.tomcat.TomcatWebServer  : Tomcat started on port(s): 8000 (http) with context path ''
2019-03-23 17:31:49.240  INFO 20698 --- [           main] .s.c.n.e.s.EurekaAutoServiceRegistration : Updating port to 8000
2019-03-23 17:31:50.128  INFO 20698 --- [           main] c.d.edgeservice.EdgeServiceApplication   : Started EdgeServiceApplication in 191.731 seconds (JVM running for 199.132)
