2019-03-23 17:28:46.664  INFO 20692 --- [           main] trationDelegate$BeanPostProcessorChecker : Bean 'org.springframework.cloud.autoconfigure.ConfigurationPropertiesRebinderAutoConfiguration' of type [org.springframework.cloud.autoconfigure.ConfigurationPropertiesRebinderAutoConfiguration$$EnhancerBySpringCGLIB$$e575ca78] is not eligible for getting processed by all BeanPostProcessors (for example: not eligible for auto-proxying)

  .   ____          _            __ _ _
 /\\ / ___'_ __ _ _(_)_ __  __ _ \ \ \ \
( ( )\___ | '_ | '_| | '_ \/ _` | \ \ \ \
 \\/  ___)| |_)| | | | | || (_| |  ) ) ) )
  '  |____| .__|_| |_|_| |_\__, | / / / /
 =========|_|==============|___/=/_/_/_/
 :: Spring Boot ::        (v2.1.3.RELEASE)

2019-03-23 17:28:48.401  INFO 20692 --- [           main] c.d.o.OrderServiceApplication            : No active profile set, falling back to default profiles: default
2019-03-23 17:28:59.195  WARN 20692 --- [           main] o.s.boot.actuate.endpoint.EndpointId     : Endpoint ID 'service-registry' contains invalid characters, please migrate to a valid format.
2019-03-23 17:28:59.216  WARN 20692 --- [           main] o.s.boot.actuate.endpoint.EndpointId     : Endpoint ID 'hystrix.stream' contains invalid characters, please migrate to a valid format.
2019-03-23 17:29:01.748  INFO 20692 --- [           main] o.s.cloud.context.scope.GenericScope     : BeanFactory id=fba86f26-08bd-326d-8d73-a09597641bd5
2019-03-23 17:29:03.004  INFO 20692 --- [           main] trationDelegate$BeanPostProcessorChecker : Bean 'org.springframework.transaction.annotation.ProxyTransactionManagementConfiguration' of type [org.springframework.transaction.annotation.ProxyTransactionManagementConfiguration$$EnhancerBySpringCGLIB$$c95bc77b] is not eligible for getting processed by all BeanPostProcessors (for example: not eligible for auto-proxying)
2019-03-23 17:29:04.678  INFO 20692 --- [           main] trationDelegate$BeanPostProcessorChecker : Bean 'org.springframework.cloud.autoconfigure.ConfigurationPropertiesRebinderAutoConfiguration' of type [org.springframework.cloud.autoconfigure.ConfigurationPropertiesRebinderAutoConfiguration$$EnhancerBySpringCGLIB$$e575ca78] is not eligible for getting processed by all BeanPostProcessors (for example: not eligible for auto-proxying)
2019-03-23 17:29:08.154  INFO 20692 --- [           main] o.s.b.w.embedded.tomcat.TomcatWebServer  : Tomcat initialized with port(s): 8811 (http)
2019-03-23 17:29:08.459  INFO 20692 --- [           main] o.apache.catalina.core.StandardService   : Starting service [Tomcat]
2019-03-23 17:29:08.459  INFO 20692 --- [           main] org.apache.catalina.core.StandardEngine  : Starting Servlet engine: [Apache Tomcat/9.0.16]
2019-03-23 17:29:08.559  INFO 20692 --- [           main] o.a.catalina.core.AprLifecycleListener   : The APR based Apache Tomcat Native library which allows optimal performance in production environments was not found on the java.library.path: [/Users/app/Library/Java/Extensions:/Library/Java/Extensions:/Network/Library/Java/Extensions:/System/Library/Java/Extensions:/usr/lib/java:.]
2019-03-23 17:29:09.161  INFO 20692 --- [           main] o.a.c.c.C.[Tomcat].[localhost].[/]       : Initializing Spring embedded WebApplicationContext
2019-03-23 17:29:09.161  INFO 20692 --- [           main] o.s.web.context.ContextLoader            : Root WebApplicationContext: initialization completed in 20387 ms
2019-03-23 17:29:09.487  WARN 20692 --- [           main] c.n.c.sources.URLConfigurationSource     : No URLs will be polled as dynamic configuration sources.
2019-03-23 17:29:09.488  INFO 20692 --- [           main] c.n.c.sources.URLConfigurationSource     : To enable URLs as dynamic configuration sources, define System property archaius.configurationSource.additionalUrls or make config.properties available on classpath.
2019-03-23 17:29:09.515  INFO 20692 --- [           main] c.netflix.config.DynamicPropertyFactory  : DynamicPropertyFactory is initialized with configuration sources: com.netflix.config.ConcurrentCompositeConfiguration@602e0143
2019-03-23 17:29:12.706  INFO 20692 --- [           main] c.a.d.s.b.a.DruidDataSourceAutoConfigure : Init DruidDataSource
Loading class `com.mysql.jdbc.Driver'. This is deprecated. The new driver class is `com.mysql.cj.jdbc.Driver'. The driver is automatically registered via the SPI and manual loading of the driver class is generally unnecessary.
log4j:WARN No appenders could be found for logger (druid.sql.Connection).
log4j:WARN Please initialize the log4j system properly.
log4j:WARN See http://logging.apache.org/log4j/1.2/faq.html#noconfig for more info.
2019-03-23 17:29:18.652  INFO 20692 --- [           main] com.alibaba.druid.pool.DruidDataSource   : {dataSource-1} inited
worker starting. timestamp left shift 22, datacenter id bits 5, worker id bits 5, sequence bits 12, workerid 12019-03-23 17:30:05.025  WARN 20692 --- [           main] c.n.c.sources.URLConfigurationSource     : No URLs will be polled as dynamic configuration sources.
2019-03-23 17:30:05.060  INFO 20692 --- [           main] c.n.c.sources.URLConfigurationSource     : To enable URLs as dynamic configuration sources, define System property archaius.configurationSource.additionalUrls or make config.properties available on classpath.
2019-03-23 17:30:17.904  INFO 20692 --- [           main] o.s.s.concurrent.ThreadPoolTaskExecutor  : Initializing ExecutorService 'applicationTaskExecutor'
2019-03-23 17:30:41.109  INFO 20692 --- [           main] .s.s.UserDetailsServiceAutoConfiguration : 

Using generated security password: 46fe0f5b-6732-4eeb-aa8b-450cb23f4baa

2019-03-23 17:30:53.199  INFO 20692 --- [           main] o.s.s.web.DefaultSecurityFilterChain     : Creating filter chain: any request, [org.springframework.security.web.context.request.async.WebAsyncManagerIntegrationFilter@a77614d, org.springframework.security.web.context.SecurityContextPersistenceFilter@2c177f9e, org.springframework.security.web.header.HeaderWriterFilter@77307458, org.springframework.security.web.authentication.logout.LogoutFilter@1bdf8190, org.springframework.security.oauth2.provider.authentication.OAuth2AuthenticationProcessingFilter@6b5176f2, org.springframework.security.web.savedrequest.RequestCacheAwareFilter@209775a9, org.springframework.security.web.servletapi.SecurityContextHolderAwareRequestFilter@74cec793, org.springframework.security.web.authentication.AnonymousAuthenticationFilter@4fd4cae3, org.springframework.security.web.session.SessionManagementFilter@290b1b2e, org.springframework.security.web.access.ExceptionTranslationFilter@6fa590ba, org.springframework.security.web.access.intercept.FilterSecurityInterceptor@62923ee6]
2019-03-23 17:30:57.812  INFO 20692 --- [           main] o.s.b.a.e.web.EndpointLinksResolver      : Exposing 2 endpoint(s) beneath base path '/actuator'
2019-03-23 17:31:06.400  INFO 20692 --- [           main] o.s.c.n.eureka.InstanceInfoFactory       : Setting initial instance status as: STARTING
2019-03-23 17:31:08.690  INFO 20692 --- [           main] com.netflix.discovery.DiscoveryClient    : Initializing Eureka in region us-east-1
2019-03-23 17:31:20.566  INFO 20692 --- [           main] c.n.d.provider.DiscoveryJerseyProvider   : Using JSON encoding codec LegacyJacksonJson
2019-03-23 17:31:20.625  INFO 20692 --- [           main] c.n.d.provider.DiscoveryJerseyProvider   : Using JSON decoding codec LegacyJacksonJson
2019-03-23 17:31:29.853  INFO 20692 --- [           main] c.n.d.provider.DiscoveryJerseyProvider   : Using XML encoding codec XStreamXml
2019-03-23 17:31:30.051  INFO 20692 --- [           main] c.n.d.provider.DiscoveryJerseyProvider   : Using XML decoding codec XStreamXml
2019-03-23 17:31:36.705  INFO 20692 --- [           main] c.n.d.s.r.aws.ConfigClusterResolver      : Resolving eureka endpoints via configuration
2019-03-23 17:31:39.334  INFO 20692 --- [           main] com.netflix.discovery.DiscoveryClient    : Disable delta property : false
2019-03-23 17:31:39.337  INFO 20692 --- [           main] com.netflix.discovery.DiscoveryClient    : Single vip registry refresh property : null
2019-03-23 17:31:39.337  INFO 20692 --- [           main] com.netflix.discovery.DiscoveryClient    : Force full registry fetch : false
2019-03-23 17:31:39.337  INFO 20692 --- [           main] com.netflix.discovery.DiscoveryClient    : Application is null : false
2019-03-23 17:31:39.337  INFO 20692 --- [           main] com.netflix.discovery.DiscoveryClient    : Registered Applications size is zero : true
2019-03-23 17:31:39.339  INFO 20692 --- [           main] com.netflix.discovery.DiscoveryClient    : Application version is -1: true
2019-03-23 17:31:39.339  INFO 20692 --- [           main] com.netflix.discovery.DiscoveryClient    : Getting all instance registry info from the eureka server
2019-03-23 17:31:49.173  INFO 20692 --- [           main] com.netflix.discovery.DiscoveryClient    : The response status is 200
2019-03-23 17:31:49.240  INFO 20692 --- [           main] com.netflix.discovery.DiscoveryClient    : Starting heartbeat executor: renew interval is: 30
2019-03-23 17:31:49.914  INFO 20692 --- [           main] c.n.discovery.InstanceInfoReplicator     : InstanceInfoReplicator onDemand update allowed rate per min is 4
2019-03-23 17:31:50.368  INFO 20692 --- [           main] com.netflix.discovery.DiscoveryClient    : Discovery Client initialized at timestamp 1553333510332 with initial instances count: 5
2019-03-23 17:31:51.350  INFO 20692 --- [           main] o.s.c.n.e.s.EurekaServiceRegistry        : Registering application ORDER-SERVICE with eureka with status UP
2019-03-23 17:31:51.353  INFO 20692 --- [           main] com.netflix.discovery.DiscoveryClient    : Saw local status change event StatusChangeEvent [timestamp=1553333511353, current=UP, previous=STARTING]
2019-03-23 17:31:51.374  INFO 20692 --- [nfoReplicator-0] com.netflix.discovery.DiscoveryClient    : DiscoveryClient_ORDER-SERVICE/169.254.66.60:order-service:8811: registering service...
2019-03-23 17:31:52.933  INFO 20692 --- [nfoReplicator-0] com.netflix.discovery.DiscoveryClient    : DiscoveryClient_ORDER-SERVICE/169.254.66.60:order-service:8811 - registration status: 204
2019-03-23 17:31:53.343  INFO 20692 --- [           main] o.s.b.w.embedded.tomcat.TomcatWebServer  : Tomcat started on port(s): 8811 (http) with context path ''
2019-03-23 17:31:53.345  INFO 20692 --- [           main] .s.c.n.e.s.EurekaAutoServiceRegistration : Updating port to 8811
2019-03-23 17:31:53.632  INFO 20692 --- [           main] c.d.o.OrderServiceApplication            : Started OrderServiceApplication in 196.149 seconds (JVM running for 202.759)
