2019-03-23 17:28:47.476  INFO 20695 --- [           main] trationDelegate$BeanPostProcessorChecker : Bean 'org.springframework.cloud.autoconfigure.ConfigurationPropertiesRebinderAutoConfiguration' of type [org.springframework.cloud.autoconfigure.ConfigurationPropertiesRebinderAutoConfiguration$$EnhancerBySpringCGLIB$$2045a30f] is not eligible for getting processed by all BeanPostProcessors (for example: not eligible for auto-proxying)

  .   ____          _            __ _ _
 /\\ / ___'_ __ _ _(_)_ __  __ _ \ \ \ \
( ( )\___ | '_ | '_| | '_ \/ _` | \ \ \ \
 \\/  ___)| |_)| | | | | || (_| |  ) ) ) )
  '  |____| .__|_| |_|_| |_\__, | / / / /
 =========|_|==============|___/=/_/_/_/
 :: Spring Boot ::        (v2.1.3.RELEASE)

2019-03-23 17:28:48.697  INFO 20695 --- [           main] c.d.p.PaymentServiceApplication          : No active profile set, falling back to default profiles: default
2019-03-23 17:28:56.994  WARN 20695 --- [           main] o.s.boot.actuate.endpoint.EndpointId     : Endpoint ID 'service-registry' contains invalid characters, please migrate to a valid format.
2019-03-23 17:28:57.203  WARN 20695 --- [           main] o.s.boot.actuate.endpoint.EndpointId     : Endpoint ID 'hystrix.stream' contains invalid characters, please migrate to a valid format.
2019-03-23 17:28:59.124  INFO 20695 --- [           main] o.s.cloud.context.scope.GenericScope     : BeanFactory id=b148d0ed-bd8d-34bc-b033-5c6cde8e74aa
2019-03-23 17:29:02.373  INFO 20695 --- [           main] trationDelegate$BeanPostProcessorChecker : Bean 'org.springframework.cloud.autoconfigure.ConfigurationPropertiesRebinderAutoConfiguration' of type [org.springframework.cloud.autoconfigure.ConfigurationPropertiesRebinderAutoConfiguration$$EnhancerBySpringCGLIB$$2045a30f] is not eligible for getting processed by all BeanPostProcessors (for example: not eligible for auto-proxying)
2019-03-23 17:29:06.033  INFO 20695 --- [           main] o.s.b.w.embedded.tomcat.TomcatWebServer  : Tomcat initialized with port(s): 8831 (http)
2019-03-23 17:29:06.518  INFO 20695 --- [           main] o.apache.catalina.core.StandardService   : Starting service [Tomcat]
2019-03-23 17:29:06.519  INFO 20695 --- [           main] org.apache.catalina.core.StandardEngine  : Starting Servlet engine: [Apache Tomcat/9.0.16]
2019-03-23 17:29:06.553  INFO 20695 --- [           main] o.a.catalina.core.AprLifecycleListener   : The APR based Apache Tomcat Native library which allows optimal performance in production environments was not found on the java.library.path: [/Users/app/Library/Java/Extensions:/Library/Java/Extensions:/Network/Library/Java/Extensions:/System/Library/Java/Extensions:/usr/lib/java:.]
2019-03-23 17:29:07.388  INFO 20695 --- [           main] o.a.c.c.C.[Tomcat].[localhost].[/]       : Initializing Spring embedded WebApplicationContext
2019-03-23 17:29:07.389  INFO 20695 --- [           main] o.s.web.context.ContextLoader            : Root WebApplicationContext: initialization completed in 18640 ms
2019-03-23 17:29:07.437  WARN 20695 --- [           main] c.n.c.sources.URLConfigurationSource     : No URLs will be polled as dynamic configuration sources.
2019-03-23 17:29:07.438  INFO 20695 --- [           main] c.n.c.sources.URLConfigurationSource     : To enable URLs as dynamic configuration sources, define System property archaius.configurationSource.additionalUrls or make config.properties available on classpath.
2019-03-23 17:29:07.769  INFO 20695 --- [           main] c.netflix.config.DynamicPropertyFactory  : DynamicPropertyFactory is initialized with configuration sources: com.netflix.config.ConcurrentCompositeConfiguration@df6620a
2019-03-23 17:29:15.161  WARN 20695 --- [           main] c.n.c.sources.URLConfigurationSource     : No URLs will be polled as dynamic configuration sources.
2019-03-23 17:29:15.161  INFO 20695 --- [           main] c.n.c.sources.URLConfigurationSource     : To enable URLs as dynamic configuration sources, define System property archaius.configurationSource.additionalUrls or make config.properties available on classpath.
2019-03-23 17:29:19.494  INFO 20695 --- [           main] o.s.s.concurrent.ThreadPoolTaskExecutor  : Initializing ExecutorService 'applicationTaskExecutor'
2019-03-23 17:29:41.565  INFO 20695 --- [           main] .s.s.UserDetailsServiceAutoConfiguration : 

Using generated security password: 311b0b56-7d70-4254-a918-d922db8b8dcc

2019-03-23 17:29:59.596  INFO 20695 --- [           main] o.s.s.web.DefaultSecurityFilterChain     : Creating filter chain: any request, [org.springframework.security.web.context.request.async.WebAsyncManagerIntegrationFilter@78fbff54, org.springframework.security.web.context.SecurityContextPersistenceFilter@72ea6193, org.springframework.security.web.header.HeaderWriterFilter@aeab9a1, org.springframework.security.web.authentication.logout.LogoutFilter@3543df7d, org.springframework.security.oauth2.provider.authentication.OAuth2AuthenticationProcessingFilter@4212a0c8, org.springframework.security.web.savedrequest.RequestCacheAwareFilter@45905bff, org.springframework.security.web.servletapi.SecurityContextHolderAwareRequestFilter@6b44435b, org.springframework.security.web.authentication.AnonymousAuthenticationFilter@3e10dc6, org.springframework.security.web.session.SessionManagementFilter@774698ab, org.springframework.security.web.access.ExceptionTranslationFilter@6bea52d4, org.springframework.security.web.access.intercept.FilterSecurityInterceptor@13cf7d52]
2019-03-23 17:30:06.668  INFO 20695 --- [           main] o.s.b.a.e.web.EndpointLinksResolver      : Exposing 2 endpoint(s) beneath base path '/actuator'
2019-03-23 17:30:17.233  INFO 20695 --- [           main] o.s.c.n.eureka.InstanceInfoFactory       : Setting initial instance status as: STARTING
2019-03-23 17:30:19.552  INFO 20695 --- [           main] com.netflix.discovery.DiscoveryClient    : Initializing Eureka in region us-east-1
2019-03-23 17:30:28.804  INFO 20695 --- [           main] c.n.d.provider.DiscoveryJerseyProvider   : Using JSON encoding codec LegacyJacksonJson
2019-03-23 17:30:28.815  INFO 20695 --- [           main] c.n.d.provider.DiscoveryJerseyProvider   : Using JSON decoding codec LegacyJacksonJson
2019-03-23 17:30:40.144  INFO 20695 --- [           main] c.n.d.provider.DiscoveryJerseyProvider   : Using XML encoding codec XStreamXml
2019-03-23 17:30:40.152  INFO 20695 --- [           main] c.n.d.provider.DiscoveryJerseyProvider   : Using XML decoding codec XStreamXml
2019-03-23 17:30:45.983  INFO 20695 --- [           main] c.n.d.s.r.aws.ConfigClusterResolver      : Resolving eureka endpoints via configuration
2019-03-23 17:30:47.174  INFO 20695 --- [           main] com.netflix.discovery.DiscoveryClient    : Disable delta property : false
2019-03-23 17:30:47.175  INFO 20695 --- [           main] com.netflix.discovery.DiscoveryClient    : Single vip registry refresh property : null
2019-03-23 17:30:47.175  INFO 20695 --- [           main] com.netflix.discovery.DiscoveryClient    : Force full registry fetch : false
2019-03-23 17:30:47.176  INFO 20695 --- [           main] com.netflix.discovery.DiscoveryClient    : Application is null : false
2019-03-23 17:30:47.176  INFO 20695 --- [           main] com.netflix.discovery.DiscoveryClient    : Registered Applications size is zero : true
2019-03-23 17:30:47.176  INFO 20695 --- [           main] com.netflix.discovery.DiscoveryClient    : Application version is -1: true
2019-03-23 17:30:47.176  INFO 20695 --- [           main] com.netflix.discovery.DiscoveryClient    : Getting all instance registry info from the eureka server
2019-03-23 17:30:52.796  INFO 20695 --- [           main] com.netflix.discovery.DiscoveryClient    : The response status is 200
2019-03-23 17:30:53.005  INFO 20695 --- [           main] com.netflix.discovery.DiscoveryClient    : Starting heartbeat executor: renew interval is: 30
2019-03-23 17:30:53.097  INFO 20695 --- [           main] c.n.discovery.InstanceInfoReplicator     : InstanceInfoReplicator onDemand update allowed rate per min is 4
2019-03-23 17:30:53.231  INFO 20695 --- [           main] com.netflix.discovery.DiscoveryClient    : Discovery Client initialized at timestamp 1553333453130 with initial instances count: 3
2019-03-23 17:30:53.252  INFO 20695 --- [           main] o.s.c.n.e.s.EurekaServiceRegistry        : Registering application PAYMENT-SERVICE with eureka with status UP
2019-03-23 17:30:53.254  INFO 20695 --- [           main] com.netflix.discovery.DiscoveryClient    : Saw local status change event StatusChangeEvent [timestamp=1553333453254, current=UP, previous=STARTING]
2019-03-23 17:30:53.271  INFO 20695 --- [nfoReplicator-0] com.netflix.discovery.DiscoveryClient    : DiscoveryClient_PAYMENT-SERVICE/169.254.66.60:payment-service:8831: registering service...
2019-03-23 17:30:54.231  INFO 20695 --- [nfoReplicator-0] com.netflix.discovery.DiscoveryClient    : DiscoveryClient_PAYMENT-SERVICE/169.254.66.60:payment-service:8831 - registration status: 204
2019-03-23 17:30:55.604  INFO 20695 --- [           main] o.s.b.w.embedded.tomcat.TomcatWebServer  : Tomcat started on port(s): 8831 (http) with context path ''
2019-03-23 17:30:55.607  INFO 20695 --- [           main] .s.c.n.e.s.EurekaAutoServiceRegistration : Updating port to 8831
2019-03-23 17:30:55.958  INFO 20695 --- [           main] c.d.p.PaymentServiceApplication          : Started PaymentServiceApplication in 138.491 seconds (JVM running for 144.97)
