2019-03-23 17:28:47.317  INFO 20686 --- [           main] trationDelegate$BeanPostProcessorChecker : Bean 'org.springframework.cloud.autoconfigure.ConfigurationPropertiesRebinderAutoConfiguration' of type [org.springframework.cloud.autoconfigure.ConfigurationPropertiesRebinderAutoConfiguration$$EnhancerBySpringCGLIB$$1ca5fd46] is not eligible for getting processed by all BeanPostProcessors (for example: not eligible for auto-proxying)

  .   ____          _            __ _ _
 /\\ / ___'_ __ _ _(_)_ __  __ _ \ \ \ \
( ( )\___ | '_ | '_| | '_ \/ _` | \ \ \ \
 \\/  ___)| |_)| | | | | || (_| |  ) ) ) )
  '  |____| .__|_| |_|_| |_\__, | / / / /
 =========|_|==============|___/=/_/_/_/
 :: Spring Boot ::        (v2.1.3.RELEASE)

2019-03-23 17:28:48.571  INFO 20686 --- [           main] c.d.p.ProductServiceApplication          : No active profile set, falling back to default profiles: default
2019-03-23 17:28:57.780  WARN 20686 --- [           main] o.s.boot.actuate.endpoint.EndpointId     : Endpoint ID 'service-registry' contains invalid characters, please migrate to a valid format.
2019-03-23 17:28:58.139  WARN 20686 --- [           main] o.s.boot.actuate.endpoint.EndpointId     : Endpoint ID 'hystrix.stream' contains invalid characters, please migrate to a valid format.
2019-03-23 17:29:00.943  INFO 20686 --- [           main] o.s.cloud.context.scope.GenericScope     : BeanFactory id=676547e0-9ebf-3b47-8e8a-335de808eecc
2019-03-23 17:29:02.251  INFO 20686 --- [           main] trationDelegate$BeanPostProcessorChecker : Bean 'org.springframework.transaction.annotation.ProxyTransactionManagementConfiguration' of type [org.springframework.transaction.annotation.ProxyTransactionManagementConfiguration$$EnhancerBySpringCGLIB$$8bfa49] is not eligible for getting processed by all BeanPostProcessors (for example: not eligible for auto-proxying)
2019-03-23 17:29:04.125  INFO 20686 --- [           main] trationDelegate$BeanPostProcessorChecker : Bean 'org.springframework.cloud.autoconfigure.ConfigurationPropertiesRebinderAutoConfiguration' of type [org.springframework.cloud.autoconfigure.ConfigurationPropertiesRebinderAutoConfiguration$$EnhancerBySpringCGLIB$$1ca5fd46] is not eligible for getting processed by all BeanPostProcessors (for example: not eligible for auto-proxying)
2019-03-23 17:29:07.923  INFO 20686 --- [           main] o.s.b.w.embedded.tomcat.TomcatWebServer  : Tomcat initialized with port(s): 8801 (http)
2019-03-23 17:29:08.231  INFO 20686 --- [           main] o.apache.catalina.core.StandardService   : Starting service [Tomcat]
2019-03-23 17:29:08.231  INFO 20686 --- [           main] org.apache.catalina.core.StandardEngine  : Starting Servlet engine: [Apache Tomcat/9.0.16]
2019-03-23 17:29:08.256  INFO 20686 --- [           main] o.a.catalina.core.AprLifecycleListener   : The APR based Apache Tomcat Native library which allows optimal performance in production environments was not found on the java.library.path: [/Users/app/Library/Java/Extensions:/Library/Java/Extensions:/Network/Library/Java/Extensions:/System/Library/Java/Extensions:/usr/lib/java:.]
2019-03-23 17:29:09.235  INFO 20686 --- [           main] o.a.c.c.C.[Tomcat].[localhost].[/]       : Initializing Spring embedded WebApplicationContext
2019-03-23 17:29:09.235  INFO 20686 --- [           main] o.s.web.context.ContextLoader            : Root WebApplicationContext: initialization completed in 20608 ms
2019-03-23 17:29:09.292  WARN 20686 --- [           main] c.n.c.sources.URLConfigurationSource     : No URLs will be polled as dynamic configuration sources.
2019-03-23 17:29:09.292  INFO 20686 --- [           main] c.n.c.sources.URLConfigurationSource     : To enable URLs as dynamic configuration sources, define System property archaius.configurationSource.additionalUrls or make config.properties available on classpath.
2019-03-23 17:29:09.321  INFO 20686 --- [           main] c.netflix.config.DynamicPropertyFactory  : DynamicPropertyFactory is initialized with configuration sources: com.netflix.config.ConcurrentCompositeConfiguration@58be6e8
2019-03-23 17:29:12.646  INFO 20686 --- [           main] c.a.d.s.b.a.DruidDataSourceAutoConfigure : Init DruidDataSource
Loading class `com.mysql.jdbc.Driver'. This is deprecated. The new driver class is `com.mysql.cj.jdbc.Driver'. The driver is automatically registered via the SPI and manual loading of the driver class is generally unnecessary.
log4j:WARN No appenders could be found for logger (druid.sql.Connection).
log4j:WARN Please initialize the log4j system properly.
log4j:WARN See http://logging.apache.org/log4j/1.2/faq.html#noconfig for more info.
2019-03-23 17:29:18.688  INFO 20686 --- [           main] com.alibaba.druid.pool.DruidDataSource   : {dataSource-1} inited
2019-03-23 17:30:02.477  WARN 20686 --- [           main] c.n.c.sources.URLConfigurationSource     : No URLs will be polled as dynamic configuration sources.
2019-03-23 17:30:02.506  INFO 20686 --- [           main] c.n.c.sources.URLConfigurationSource     : To enable URLs as dynamic configuration sources, define System property archaius.configurationSource.additionalUrls or make config.properties available on classpath.
2019-03-23 17:30:15.782  INFO 20686 --- [           main] o.s.s.concurrent.ThreadPoolTaskExecutor  : Initializing ExecutorService 'applicationTaskExecutor'
2019-03-23 17:30:35.080  INFO 20686 --- [           main] .s.s.UserDetailsServiceAutoConfiguration : 

Using generated security password: 1ce036ff-3e4b-4be6-b696-6ba46e208451

2019-03-23 17:30:51.397  INFO 20686 --- [           main] o.s.s.web.DefaultSecurityFilterChain     : Creating filter chain: any request, [org.springframework.security.web.context.request.async.WebAsyncManagerIntegrationFilter@cdc3aae, org.springframework.security.web.context.SecurityContextPersistenceFilter@2fab4aff, org.springframework.security.web.header.HeaderWriterFilter@192f2f27, org.springframework.security.web.authentication.logout.LogoutFilter@460f76a6, org.springframework.security.oauth2.provider.authentication.OAuth2AuthenticationProcessingFilter@4a8ab068, org.springframework.security.web.savedrequest.RequestCacheAwareFilter@6e46d9f4, org.springframework.security.web.servletapi.SecurityContextHolderAwareRequestFilter@21c64522, org.springframework.security.web.authentication.AnonymousAuthenticationFilter@7ef2d7a6, org.springframework.security.web.session.SessionManagementFilter@c65a5ef, org.springframework.security.web.access.ExceptionTranslationFilter@f9b7332, org.springframework.security.web.access.intercept.FilterSecurityInterceptor@372ea2bc]
2019-03-23 17:30:54.318  INFO 20686 --- [           main] o.s.b.a.e.web.EndpointLinksResolver      : Exposing 2 endpoint(s) beneath base path '/actuator'
2019-03-23 17:31:02.400  INFO 20686 --- [           main] o.s.c.n.eureka.InstanceInfoFactory       : Setting initial instance status as: STARTING
2019-03-23 17:31:12.721  INFO 20686 --- [           main] com.netflix.discovery.DiscoveryClient    : Initializing Eureka in region us-east-1
2019-03-23 17:31:18.831  INFO 20686 --- [           main] c.n.d.provider.DiscoveryJerseyProvider   : Using JSON encoding codec LegacyJacksonJson
2019-03-23 17:31:18.849  INFO 20686 --- [           main] c.n.d.provider.DiscoveryJerseyProvider   : Using JSON decoding codec LegacyJacksonJson
2019-03-23 17:31:28.970  INFO 20686 --- [           main] c.n.d.provider.DiscoveryJerseyProvider   : Using XML encoding codec XStreamXml
2019-03-23 17:31:28.974  INFO 20686 --- [           main] c.n.d.provider.DiscoveryJerseyProvider   : Using XML decoding codec XStreamXml
2019-03-23 17:31:40.224  INFO 20686 --- [           main] c.n.d.s.r.aws.ConfigClusterResolver      : Resolving eureka endpoints via configuration
2019-03-23 17:31:42.067  INFO 20686 --- [           main] com.netflix.discovery.DiscoveryClient    : Disable delta property : false
2019-03-23 17:31:42.210  INFO 20686 --- [           main] com.netflix.discovery.DiscoveryClient    : Single vip registry refresh property : null
2019-03-23 17:31:42.220  INFO 20686 --- [           main] com.netflix.discovery.DiscoveryClient    : Force full registry fetch : false
2019-03-23 17:31:42.220  INFO 20686 --- [           main] com.netflix.discovery.DiscoveryClient    : Application is null : false
2019-03-23 17:31:42.220  INFO 20686 --- [           main] com.netflix.discovery.DiscoveryClient    : Registered Applications size is zero : true
2019-03-23 17:31:42.221  INFO 20686 --- [           main] com.netflix.discovery.DiscoveryClient    : Application version is -1: true
2019-03-23 17:31:42.223  INFO 20686 --- [           main] com.netflix.discovery.DiscoveryClient    : Getting all instance registry info from the eureka server
2019-03-23 17:31:52.975  INFO 20686 --- [           main] com.netflix.discovery.DiscoveryClient    : The response status is 200
2019-03-23 17:31:52.995  INFO 20686 --- [           main] com.netflix.discovery.DiscoveryClient    : Starting heartbeat executor: renew interval is: 30
2019-03-23 17:31:53.340  INFO 20686 --- [           main] c.n.discovery.InstanceInfoReplicator     : InstanceInfoReplicator onDemand update allowed rate per min is 4
2019-03-23 17:31:53.372  INFO 20686 --- [           main] com.netflix.discovery.DiscoveryClient    : Discovery Client initialized at timestamp 1553333513364 with initial instances count: 5
2019-03-23 17:31:54.120  INFO 20686 --- [           main] o.s.c.n.e.s.EurekaServiceRegistry        : Registering application PRODUCT-SERVICE with eureka with status UP
2019-03-23 17:31:54.336  INFO 20686 --- [           main] com.netflix.discovery.DiscoveryClient    : Saw local status change event StatusChangeEvent [timestamp=1553333514336, current=UP, previous=STARTING]
2019-03-23 17:31:54.535  INFO 20686 --- [nfoReplicator-0] com.netflix.discovery.DiscoveryClient    : DiscoveryClient_PRODUCT-SERVICE/169.254.66.60:product-service:8801: registering service...
2019-03-23 17:31:55.584  INFO 20686 --- [nfoReplicator-0] com.netflix.discovery.DiscoveryClient    : DiscoveryClient_PRODUCT-SERVICE/169.254.66.60:product-service:8801 - registration status: 204
2019-03-23 17:31:56.166  INFO 20686 --- [           main] o.s.b.w.embedded.tomcat.TomcatWebServer  : Tomcat started on port(s): 8801 (http) with context path ''
2019-03-23 17:31:56.167  INFO 20686 --- [           main] .s.c.n.e.s.EurekaAutoServiceRegistration : Updating port to 8801
2019-03-23 17:31:56.180  INFO 20686 --- [           main] c.d.p.ProductServiceApplication          : Started ProductServiceApplication in 199.257 seconds (JVM running for 205.481)
