2019-03-23 19:03:52.572  INFO 24521 --- [           main] trationDelegate$BeanPostProcessorChecker : Bean 'org.springframework.cloud.autoconfigure.ConfigurationPropertiesRebinderAutoConfiguration' of type [org.springframework.cloud.autoconfigure.ConfigurationPropertiesRebinderAutoConfiguration$$EnhancerBySpringCGLIB$$f3fe9d60] is not eligible for getting processed by all BeanPostProcessors (for example: not eligible for auto-proxying)

  .   ____          _            __ _ _
 /\\ / ___'_ __ _ _(_)_ __  __ _ \ \ \ \
( ( )\___ | '_ | '_| | '_ \/ _` | \ \ \ \
 \\/  ___)| |_)| | | | | || (_| |  ) ) ) )
  '  |____| .__|_| |_|_| |_\__, | / / / /
 =========|_|==============|___/=/_/_/_/
 :: Spring Boot ::        (v2.1.3.RELEASE)

2019-03-23 19:03:55.327  INFO 24521 --- [           main] c.d.a.AccountServiceApplication          : No active profile set, falling back to default profiles: default
2019-03-23 19:04:10.134  WARN 24521 --- [           main] o.s.boot.actuate.endpoint.EndpointId     : Endpoint ID 'service-registry' contains invalid characters, please migrate to a valid format.
2019-03-23 19:04:10.340  WARN 24521 --- [           main] o.s.boot.actuate.endpoint.EndpointId     : Endpoint ID 'hystrix.stream' contains invalid characters, please migrate to a valid format.
2019-03-23 19:04:13.798  INFO 24521 --- [           main] o.s.cloud.context.scope.GenericScope     : BeanFactory id=26fddf36-c5ee-3c68-9e54-689db845bc78
2019-03-23 19:04:16.134  INFO 24521 --- [           main] trationDelegate$BeanPostProcessorChecker : Bean 'org.springframework.transaction.annotation.ProxyTransactionManagementConfiguration' of type [org.springframework.transaction.annotation.ProxyTransactionManagementConfiguration$$EnhancerBySpringCGLIB$$d7e49a63] is not eligible for getting processed by all BeanPostProcessors (for example: not eligible for auto-proxying)
2019-03-23 19:04:20.035  INFO 24521 --- [           main] trationDelegate$BeanPostProcessorChecker : Bean 'org.springframework.cloud.autoconfigure.ConfigurationPropertiesRebinderAutoConfiguration' of type [org.springframework.cloud.autoconfigure.ConfigurationPropertiesRebinderAutoConfiguration$$EnhancerBySpringCGLIB$$f3fe9d60] is not eligible for getting processed by all BeanPostProcessors (for example: not eligible for auto-proxying)
2019-03-23 19:04:26.399  INFO 24521 --- [           main] o.s.b.w.embedded.tomcat.TomcatWebServer  : Tomcat initialized with port(s): 8701 (http)
2019-03-23 19:04:26.881  INFO 24521 --- [           main] o.apache.catalina.core.StandardService   : Starting service [Tomcat]
2019-03-23 19:04:26.882  INFO 24521 --- [           main] org.apache.catalina.core.StandardEngine  : Starting Servlet engine: [Apache Tomcat/9.0.16]
2019-03-23 19:04:26.907  INFO 24521 --- [           main] o.a.catalina.core.AprLifecycleListener   : The APR based Apache Tomcat Native library which allows optimal performance in production environments was not found on the java.library.path: [/Users/app/Library/Java/Extensions:/Library/Java/Extensions:/Network/Library/Java/Extensions:/System/Library/Java/Extensions:/usr/lib/java:.]
2019-03-23 19:04:28.074  INFO 24521 --- [           main] o.a.c.c.C.[Tomcat].[localhost].[/]       : Initializing Spring embedded WebApplicationContext
2019-03-23 19:04:28.074  INFO 24521 --- [           main] o.s.web.context.ContextLoader            : Root WebApplicationContext: initialization completed in 32385 ms
2019-03-23 19:04:28.368  WARN 24521 --- [           main] c.n.c.sources.URLConfigurationSource     : No URLs will be polled as dynamic configuration sources.
2019-03-23 19:04:28.369  INFO 24521 --- [           main] c.n.c.sources.URLConfigurationSource     : To enable URLs as dynamic configuration sources, define System property archaius.configurationSource.additionalUrls or make config.properties available on classpath.
2019-03-23 19:04:28.553  INFO 24521 --- [           main] c.netflix.config.DynamicPropertyFactory  : DynamicPropertyFactory is initialized with configuration sources: com.netflix.config.ConcurrentCompositeConfiguration@65a15628
2019-03-23 19:04:33.108  INFO 24521 --- [           main] c.a.d.s.b.a.DruidDataSourceAutoConfigure : Init DruidDataSource
Loading class `com.mysql.jdbc.Driver'. This is deprecated. The new driver class is `com.mysql.cj.jdbc.Driver'. The driver is automatically registered via the SPI and manual loading of the driver class is generally unnecessary.
log4j:WARN No appenders could be found for logger (druid.sql.Connection).
log4j:WARN Please initialize the log4j system properly.
log4j:WARN See http://logging.apache.org/log4j/1.2/faq.html#noconfig for more info.
2019-03-23 19:04:42.063  INFO 24521 --- [           main] com.alibaba.druid.pool.DruidDataSource   : {dataSource-1} inited
2019-03-23 19:05:05.863  INFO 24521 --- [           main] o.s.s.web.DefaultSecurityFilterChain     : Creating filter chain: OrRequestMatcher [requestMatchers=[Ant [pattern='/oauth/token'], Ant [pattern='/oauth/token_key'], Ant [pattern='/oauth/check_token']]], [org.springframework.security.web.context.request.async.WebAsyncManagerIntegrationFilter@4ba534b0, org.springframework.security.web.context.SecurityContextPersistenceFilter@277f7dd3, org.springframework.security.web.header.HeaderWriterFilter@350ec41e, org.springframework.security.web.authentication.logout.LogoutFilter@1c55f277, org.springframework.security.web.authentication.www.BasicAuthenticationFilter@58bf8650, org.springframework.security.web.savedrequest.RequestCacheAwareFilter@2364305a, org.springframework.security.web.servletapi.SecurityContextHolderAwareRequestFilter@292d1c71, org.springframework.security.web.authentication.AnonymousAuthenticationFilter@6f0ca692, org.springframework.security.web.session.SessionManagementFilter@71984c3, org.springframework.security.web.access.ExceptionTranslationFilter@6b54655f, org.springframework.security.web.access.intercept.FilterSecurityInterceptor@3fc9dfc5]
2019-03-23 19:05:06.180  INFO 24521 --- [           main] o.s.s.web.DefaultSecurityFilterChain     : Creating filter chain: Ant [pattern='/**'], [org.springframework.security.web.context.request.async.WebAsyncManagerIntegrationFilter@346939bf, org.springframework.security.web.context.SecurityContextPersistenceFilter@7e3f95fe, org.springframework.security.web.header.HeaderWriterFilter@427b5f92, org.springframework.security.web.authentication.logout.LogoutFilter@65aa6596, org.springframework.security.oauth2.provider.authentication.OAuth2AuthenticationProcessingFilter@419a20a6, org.springframework.security.web.savedrequest.RequestCacheAwareFilter@34625ccd, org.springframework.security.web.servletapi.SecurityContextHolderAwareRequestFilter@2c7d121c, org.springframework.security.web.authentication.AnonymousAuthenticationFilter@4bf3798b, org.springframework.security.web.session.SessionManagementFilter@24bdb479, org.springframework.security.web.access.ExceptionTranslationFilter@1ddae9b5, org.springframework.security.web.access.intercept.FilterSecurityInterceptor@1ce61929]
2019-03-23 19:05:06.218  INFO 24521 --- [           main] o.s.s.web.DefaultSecurityFilterChain     : Creating filter chain: any request, [org.springframework.security.web.context.request.async.WebAsyncManagerIntegrationFilter@48c35007, org.springframework.security.web.context.SecurityContextPersistenceFilter@1cd201a8, org.springframework.security.web.header.HeaderWriterFilter@1c9f0a20, org.springframework.security.web.csrf.CsrfFilter@659eef7, org.springframework.security.web.authentication.logout.LogoutFilter@31e3250d, org.springframework.security.web.authentication.UsernamePasswordAuthenticationFilter@18245eb0, org.springframework.security.web.authentication.ui.DefaultLoginPageGeneratingFilter@f74e835, org.springframework.security.web.authentication.ui.DefaultLogoutPageGeneratingFilter@72a85671, org.springframework.security.web.authentication.www.BasicAuthenticationFilter@24fb6a80, org.springframework.security.web.savedrequest.RequestCacheAwareFilter@7db82169, org.springframework.security.web.servletapi.SecurityContextHolderAwareRequestFilter@1992eaf4, org.springframework.security.web.authentication.AnonymousAuthenticationFilter@6722db6e, org.springframework.security.web.session.SessionManagementFilter@55787112, org.springframework.security.web.access.ExceptionTranslationFilter@2488b073, org.springframework.security.web.access.intercept.FilterSecurityInterceptor@7383eae2]
2019-03-23 19:05:06.750  WARN 24521 --- [           main] c.n.c.sources.URLConfigurationSource     : No URLs will be polled as dynamic configuration sources.
2019-03-23 19:05:06.751  INFO 24521 --- [           main] c.n.c.sources.URLConfigurationSource     : To enable URLs as dynamic configuration sources, define System property archaius.configurationSource.additionalUrls or make config.properties available on classpath.
2019-03-23 19:05:08.251  INFO 24521 --- [           main] o.s.s.concurrent.ThreadPoolTaskExecutor  : Initializing ExecutorService 'applicationTaskExecutor'
2019-03-23 19:05:09.466  WARN 24521 --- [           main] ion$DefaultTemplateResolverConfiguration : Cannot find template location: classpath:/templates/ (please add some templates or check your Thymeleaf configuration)
2019-03-23 19:05:13.548  INFO 24521 --- [           main] o.s.b.a.e.web.EndpointLinksResolver      : Exposing 2 endpoint(s) beneath base path '/actuator'
2019-03-23 19:05:16.825  INFO 24521 --- [           main] o.s.c.n.eureka.InstanceInfoFactory       : Setting initial instance status as: STARTING
2019-03-23 19:05:17.613  INFO 24521 --- [           main] com.netflix.discovery.DiscoveryClient    : Initializing Eureka in region us-east-1
2019-03-23 19:05:19.775  INFO 24521 --- [           main] c.n.d.provider.DiscoveryJerseyProvider   : Using JSON encoding codec LegacyJacksonJson
2019-03-23 19:05:19.800  INFO 24521 --- [           main] c.n.d.provider.DiscoveryJerseyProvider   : Using JSON decoding codec LegacyJacksonJson
2019-03-23 19:05:21.216  INFO 24521 --- [           main] c.n.d.provider.DiscoveryJerseyProvider   : Using XML encoding codec XStreamXml
2019-03-23 19:05:21.216  INFO 24521 --- [           main] c.n.d.provider.DiscoveryJerseyProvider   : Using XML decoding codec XStreamXml
2019-03-23 19:05:23.238  INFO 24521 --- [           main] c.n.d.s.r.aws.ConfigClusterResolver      : Resolving eureka endpoints via configuration
2019-03-23 19:05:23.382  INFO 24521 --- [           main] com.netflix.discovery.DiscoveryClient    : Disable delta property : false
2019-03-23 19:05:23.382  INFO 24521 --- [           main] com.netflix.discovery.DiscoveryClient    : Single vip registry refresh property : null
2019-03-23 19:05:23.382  INFO 24521 --- [           main] com.netflix.discovery.DiscoveryClient    : Force full registry fetch : false
2019-03-23 19:05:23.382  INFO 24521 --- [           main] com.netflix.discovery.DiscoveryClient    : Application is null : false
2019-03-23 19:05:23.382  INFO 24521 --- [           main] com.netflix.discovery.DiscoveryClient    : Registered Applications size is zero : true
2019-03-23 19:05:23.382  INFO 24521 --- [           main] com.netflix.discovery.DiscoveryClient    : Application version is -1: true
2019-03-23 19:05:23.382  INFO 24521 --- [           main] com.netflix.discovery.DiscoveryClient    : Getting all instance registry info from the eureka server
2019-03-23 19:05:24.736  INFO 24521 --- [           main] com.netflix.discovery.DiscoveryClient    : The response status is 200
2019-03-23 19:05:24.744  INFO 24521 --- [           main] com.netflix.discovery.DiscoveryClient    : Starting heartbeat executor: renew interval is: 30
2019-03-23 19:05:24.748  INFO 24521 --- [           main] c.n.discovery.InstanceInfoReplicator     : InstanceInfoReplicator onDemand update allowed rate per min is 4
2019-03-23 19:05:24.755  INFO 24521 --- [           main] com.netflix.discovery.DiscoveryClient    : Discovery Client initialized at timestamp 1553339124752 with initial instances count: 1
2019-03-23 19:05:24.773  INFO 24521 --- [           main] o.s.c.n.e.s.EurekaServiceRegistry        : Registering application ACCOUNT-SERVICE with eureka with status UP
2019-03-23 19:05:24.774  INFO 24521 --- [           main] com.netflix.discovery.DiscoveryClient    : Saw local status change event StatusChangeEvent [timestamp=1553339124774, current=UP, previous=STARTING]
2019-03-23 19:05:24.777  INFO 24521 --- [nfoReplicator-0] com.netflix.discovery.DiscoveryClient    : DiscoveryClient_ACCOUNT-SERVICE/169.254.66.60:account-service:8701: registering service...
2019-03-23 19:05:24.873  INFO 24521 --- [nfoReplicator-0] com.netflix.discovery.DiscoveryClient    : DiscoveryClient_ACCOUNT-SERVICE/169.254.66.60:account-service:8701 - registration status: 204
2019-03-23 19:05:24.991  INFO 24521 --- [           main] o.s.b.w.embedded.tomcat.TomcatWebServer  : Tomcat started on port(s): 8701 (http) with context path ''
2019-03-23 19:05:24.993  INFO 24521 --- [           main] .s.c.n.e.s.EurekaAutoServiceRegistration : Updating port to 8701
2019-03-23 19:05:25.003  INFO 24521 --- [           main] c.d.a.AccountServiceApplication          : Started AccountServiceApplication in 107.991 seconds (JVM running for 113.999)
