2019-03-23 19:03:50.046  INFO 24527 --- [           main] trationDelegate$BeanPostProcessorChecker : Bean 'org.springframework.cloud.autoconfigure.ConfigurationPropertiesRebinderAutoConfiguration' of type [org.springframework.cloud.autoconfigure.ConfigurationPropertiesRebinderAutoConfiguration$$EnhancerBySpringCGLIB$$4d40cc33] is not eligible for getting processed by all BeanPostProcessors (for example: not eligible for auto-proxying)

  .   ____          _            __ _ _
 /\\ / ___'_ __ _ _(_)_ __  __ _ \ \ \ \
( ( )\___ | '_ | '_| | '_ \/ _` | \ \ \ \
 \\/  ___)| |_)| | | | | || (_| |  ) ) ) )
  '  |____| .__|_| |_|_| |_\__, | / / / /
 =========|_|==============|___/=/_/_/_/
 :: Spring Boot ::        (v2.1.3.RELEASE)

2019-03-23 19:03:53.296  INFO 24527 --- [           main] c.d.cartservice.CartServiceApplication   : No active profile set, falling back to default profiles: default
2019-03-23 19:04:06.167  WARN 24527 --- [           main] o.s.boot.actuate.endpoint.EndpointId     : Endpoint ID 'service-registry' contains invalid characters, please migrate to a valid format.
2019-03-23 19:04:06.529  WARN 24527 --- [           main] o.s.boot.actuate.endpoint.EndpointId     : Endpoint ID 'hystrix.stream' contains invalid characters, please migrate to a valid format.
2019-03-23 19:04:09.154  INFO 24527 --- [           main] o.s.cloud.context.scope.GenericScope     : BeanFactory id=1d88a57d-ad3a-3cc7-be12-fe1d7a9d62e6
2019-03-23 19:04:11.057  INFO 24527 --- [           main] trationDelegate$BeanPostProcessorChecker : Bean 'org.springframework.transaction.annotation.ProxyTransactionManagementConfiguration' of type [org.springframework.transaction.annotation.ProxyTransactionManagementConfiguration$$EnhancerBySpringCGLIB$$3126c936] is not eligible for getting processed by all BeanPostProcessors (for example: not eligible for auto-proxying)
2019-03-23 19:04:13.885  INFO 24527 --- [           main] trationDelegate$BeanPostProcessorChecker : Bean 'org.springframework.cloud.autoconfigure.ConfigurationPropertiesRebinderAutoConfiguration' of type [org.springframework.cloud.autoconfigure.ConfigurationPropertiesRebinderAutoConfiguration$$EnhancerBySpringCGLIB$$4d40cc33] is not eligible for getting processed by all BeanPostProcessors (for example: not eligible for auto-proxying)
2019-03-23 19:04:18.049  INFO 24527 --- [           main] o.s.b.w.embedded.tomcat.TomcatWebServer  : Tomcat initialized with port(s): 8821 (http)
2019-03-23 19:04:18.717  INFO 24527 --- [           main] o.apache.catalina.core.StandardService   : Starting service [Tomcat]
2019-03-23 19:04:18.717  INFO 24527 --- [           main] org.apache.catalina.core.StandardEngine  : Starting Servlet engine: [Apache Tomcat/9.0.16]
2019-03-23 19:04:18.737  INFO 24527 --- [           main] o.a.catalina.core.AprLifecycleListener   : The APR based Apache Tomcat Native library which allows optimal performance in production environments was not found on the java.library.path: [/Users/app/Library/Java/Extensions:/Library/Java/Extensions:/Network/Library/Java/Extensions:/System/Library/Java/Extensions:/usr/lib/java:.]
2019-03-23 19:04:19.860  INFO 24527 --- [           main] o.a.c.c.C.[Tomcat].[localhost].[/]       : Initializing Spring embedded WebApplicationContext
2019-03-23 19:04:19.860  INFO 24527 --- [           main] o.s.web.context.ContextLoader            : Root WebApplicationContext: initialization completed in 26062 ms
2019-03-23 19:04:20.277  WARN 24527 --- [           main] c.n.c.sources.URLConfigurationSource     : No URLs will be polled as dynamic configuration sources.
2019-03-23 19:04:20.277  INFO 24527 --- [           main] c.n.c.sources.URLConfigurationSource     : To enable URLs as dynamic configuration sources, define System property archaius.configurationSource.additionalUrls or make config.properties available on classpath.
2019-03-23 19:04:20.331  INFO 24527 --- [           main] c.netflix.config.DynamicPropertyFactory  : DynamicPropertyFactory is initialized with configuration sources: com.netflix.config.ConcurrentCompositeConfiguration@6581dc0a
2019-03-23 19:04:26.060  INFO 24527 --- [           main] c.a.d.s.b.a.DruidDataSourceAutoConfigure : Init DruidDataSource
Loading class `com.mysql.jdbc.Driver'. This is deprecated. The new driver class is `com.mysql.cj.jdbc.Driver'. The driver is automatically registered via the SPI and manual loading of the driver class is generally unnecessary.
log4j:WARN No appenders could be found for logger (druid.sql.Connection).
log4j:WARN Please initialize the log4j system properly.
log4j:WARN See http://logging.apache.org/log4j/1.2/faq.html#noconfig for more info.
2019-03-23 19:04:31.390  INFO 24527 --- [           main] com.alibaba.druid.pool.DruidDataSource   : {dataSource-1} inited
2019-03-23 19:04:48.411  WARN 24527 --- [           main] c.n.c.sources.URLConfigurationSource     : No URLs will be polled as dynamic configuration sources.
2019-03-23 19:04:48.413  INFO 24527 --- [           main] c.n.c.sources.URLConfigurationSource     : To enable URLs as dynamic configuration sources, define System property archaius.configurationSource.additionalUrls or make config.properties available on classpath.
2019-03-23 19:04:52.402  INFO 24527 --- [           main] o.s.s.concurrent.ThreadPoolTaskExecutor  : Initializing ExecutorService 'applicationTaskExecutor'
2019-03-23 19:04:58.891  INFO 24527 --- [           main] .s.s.UserDetailsServiceAutoConfiguration : 

Using generated security password: 21a4fe8b-85d3-4219-86a0-892547b0b53d

2019-03-23 19:05:06.389  INFO 24527 --- [           main] o.s.s.web.DefaultSecurityFilterChain     : Creating filter chain: any request, [org.springframework.security.web.context.request.async.WebAsyncManagerIntegrationFilter@b672aa8, org.springframework.security.web.context.SecurityContextPersistenceFilter@664a9613, org.springframework.security.web.header.HeaderWriterFilter@4a8a60bc, org.springframework.security.web.authentication.logout.LogoutFilter@72f46e16, org.springframework.security.oauth2.provider.authentication.OAuth2AuthenticationProcessingFilter@54361a9, org.springframework.security.web.savedrequest.RequestCacheAwareFilter@15a902e7, org.springframework.security.web.servletapi.SecurityContextHolderAwareRequestFilter@5af28b27, org.springframework.security.web.authentication.AnonymousAuthenticationFilter@2fab4aff, org.springframework.security.web.session.SessionManagementFilter@7859e786, org.springframework.security.web.access.ExceptionTranslationFilter@71c5b236, org.springframework.security.web.access.intercept.FilterSecurityInterceptor@4f8969b0]
2019-03-23 19:05:07.288  INFO 24527 --- [           main] o.s.b.a.e.web.EndpointLinksResolver      : Exposing 2 endpoint(s) beneath base path '/actuator'
2019-03-23 19:05:09.286  INFO 24527 --- [           main] o.s.c.n.eureka.InstanceInfoFactory       : Setting initial instance status as: STARTING
2019-03-23 19:05:09.652  INFO 24527 --- [           main] com.netflix.discovery.DiscoveryClient    : Initializing Eureka in region us-east-1
2019-03-23 19:05:13.199  INFO 24527 --- [           main] c.n.d.provider.DiscoveryJerseyProvider   : Using JSON encoding codec LegacyJacksonJson
2019-03-23 19:05:13.199  INFO 24527 --- [           main] c.n.d.provider.DiscoveryJerseyProvider   : Using JSON decoding codec LegacyJacksonJson
2019-03-23 19:05:15.378  INFO 24527 --- [           main] c.n.d.provider.DiscoveryJerseyProvider   : Using XML encoding codec XStreamXml
2019-03-23 19:05:15.378  INFO 24527 --- [           main] c.n.d.provider.DiscoveryJerseyProvider   : Using XML decoding codec XStreamXml
2019-03-23 19:05:19.348  INFO 24527 --- [           main] c.n.d.s.r.aws.ConfigClusterResolver      : Resolving eureka endpoints via configuration
2019-03-23 19:05:19.841  INFO 24527 --- [           main] com.netflix.discovery.DiscoveryClient    : Disable delta property : false
2019-03-23 19:05:19.841  INFO 24527 --- [           main] com.netflix.discovery.DiscoveryClient    : Single vip registry refresh property : null
2019-03-23 19:05:19.841  INFO 24527 --- [           main] com.netflix.discovery.DiscoveryClient    : Force full registry fetch : false
2019-03-23 19:05:19.841  INFO 24527 --- [           main] com.netflix.discovery.DiscoveryClient    : Application is null : false
2019-03-23 19:05:19.841  INFO 24527 --- [           main] com.netflix.discovery.DiscoveryClient    : Registered Applications size is zero : true
2019-03-23 19:05:19.841  INFO 24527 --- [           main] com.netflix.discovery.DiscoveryClient    : Application version is -1: true
2019-03-23 19:05:19.842  INFO 24527 --- [           main] com.netflix.discovery.DiscoveryClient    : Getting all instance registry info from the eureka server
2019-03-23 19:05:23.406  INFO 24527 --- [           main] com.netflix.discovery.DiscoveryClient    : The response status is 200
2019-03-23 19:05:23.413  INFO 24527 --- [           main] com.netflix.discovery.DiscoveryClient    : Starting heartbeat executor: renew interval is: 30
2019-03-23 19:05:23.418  INFO 24527 --- [           main] c.n.discovery.InstanceInfoReplicator     : InstanceInfoReplicator onDemand update allowed rate per min is 4
2019-03-23 19:05:23.431  INFO 24527 --- [           main] com.netflix.discovery.DiscoveryClient    : Discovery Client initialized at timestamp 1553339123429 with initial instances count: 1
2019-03-23 19:05:23.456  INFO 24527 --- [           main] o.s.c.n.e.s.EurekaServiceRegistry        : Registering application CART-SERVICE with eureka with status UP
2019-03-23 19:05:23.457  INFO 24527 --- [           main] com.netflix.discovery.DiscoveryClient    : Saw local status change event StatusChangeEvent [timestamp=1553339123457, current=UP, previous=STARTING]
2019-03-23 19:05:23.473  INFO 24527 --- [nfoReplicator-0] com.netflix.discovery.DiscoveryClient    : DiscoveryClient_CART-SERVICE/169.254.66.60:cart-service:8821: registering service...
2019-03-23 19:05:23.665  INFO 24527 --- [nfoReplicator-0] com.netflix.discovery.DiscoveryClient    : DiscoveryClient_CART-SERVICE/169.254.66.60:cart-service:8821 - registration status: 204
2019-03-23 19:05:24.030  INFO 24527 --- [           main] o.s.b.w.embedded.tomcat.TomcatWebServer  : Tomcat started on port(s): 8821 (http) with context path ''
2019-03-23 19:05:24.031  INFO 24527 --- [           main] .s.c.n.e.s.EurekaAutoServiceRegistration : Updating port to 8821
2019-03-23 19:05:24.044  INFO 24527 --- [           main] c.d.cartservice.CartServiceApplication   : Started CartServiceApplication in 107.603 seconds (JVM running for 112.948)
