2019-03-23 19:03:52.890  INFO 24536 --- [           main] trationDelegate$BeanPostProcessorChecker : Bean 'org.springframework.cloud.autoconfigure.ConfigurationPropertiesRebinderAutoConfiguration' of type [org.springframework.cloud.autoconfigure.ConfigurationPropertiesRebinderAutoConfiguration$$EnhancerBySpringCGLIB$$3482272e] is not eligible for getting processed by all BeanPostProcessors (for example: not eligible for auto-proxying)

  .   ____          _            __ _ _
 /\\ / ___'_ __ _ _(_)_ __  __ _ \ \ \ \
( ( )\___ | '_ | '_| | '_ \/ _` | \ \ \ \
 \\/  ___)| |_)| | | | | || (_| |  ) ) ) )
  '  |____| .__|_| |_|_| |_\__, | / / / /
 =========|_|==============|___/=/_/_/_/
 :: Spring Boot ::        (v2.1.3.RELEASE)

2019-03-23 19:03:56.292  INFO 24536 --- [           main] c.d.edgeservice.EdgeServiceApplication   : No active profile set, falling back to default profiles: default
2019-03-23 19:04:07.540  WARN 24536 --- [           main] o.s.boot.actuate.endpoint.EndpointId     : Endpoint ID 'service-registry' contains invalid characters, please migrate to a valid format.
2019-03-23 19:04:07.878  WARN 24536 --- [           main] o.s.boot.actuate.endpoint.EndpointId     : Endpoint ID 'hystrix.stream' contains invalid characters, please migrate to a valid format.
2019-03-23 19:04:11.159  INFO 24536 --- [           main] o.s.cloud.context.scope.GenericScope     : BeanFactory id=e707e1c3-318f-345c-af4a-b4c80ab93d48
2019-03-23 19:04:11.766  INFO 24536 --- [           main] trationDelegate$BeanPostProcessorChecker : Bean 'com.doer.edgeservice.Service.ProductService' of type [org.springframework.cloud.openfeign.FeignClientFactoryBean] is not eligible for getting processed by all BeanPostProcessors (for example: not eligible for auto-proxying)
2019-03-23 19:04:11.768  INFO 24536 --- [           main] trationDelegate$BeanPostProcessorChecker : Bean 'com.doer.edgeservice.Service.CartService' of type [org.springframework.cloud.openfeign.FeignClientFactoryBean] is not eligible for getting processed by all BeanPostProcessors (for example: not eligible for auto-proxying)
2019-03-23 19:04:11.769  INFO 24536 --- [           main] trationDelegate$BeanPostProcessorChecker : Bean 'com.doer.edgeservice.Service.AccountService' of type [org.springframework.cloud.openfeign.FeignClientFactoryBean] is not eligible for getting processed by all BeanPostProcessors (for example: not eligible for auto-proxying)
2019-03-23 19:04:11.773  INFO 24536 --- [           main] trationDelegate$BeanPostProcessorChecker : Bean 'com.doer.edgeservice.Service.OrderService' of type [org.springframework.cloud.openfeign.FeignClientFactoryBean] is not eligible for getting processed by all BeanPostProcessors (for example: not eligible for auto-proxying)
2019-03-23 19:04:11.776  INFO 24536 --- [           main] trationDelegate$BeanPostProcessorChecker : Bean 'com.doer.edgeservice.Service.PaymentService' of type [org.springframework.cloud.openfeign.FeignClientFactoryBean] is not eligible for getting processed by all BeanPostProcessors (for example: not eligible for auto-proxying)
2019-03-23 19:04:15.888  INFO 24536 --- [           main] trationDelegate$BeanPostProcessorChecker : Bean 'org.springframework.cloud.autoconfigure.ConfigurationPropertiesRebinderAutoConfiguration' of type [org.springframework.cloud.autoconfigure.ConfigurationPropertiesRebinderAutoConfiguration$$EnhancerBySpringCGLIB$$3482272e] is not eligible for getting processed by all BeanPostProcessors (for example: not eligible for auto-proxying)
2019-03-23 19:04:20.941  INFO 24536 --- [           main] o.s.b.w.embedded.tomcat.TomcatWebServer  : Tomcat initialized with port(s): 8000 (http)
2019-03-23 19:04:21.796  INFO 24536 --- [           main] o.apache.catalina.core.StandardService   : Starting service [Tomcat]
2019-03-23 19:04:21.839  INFO 24536 --- [           main] org.apache.catalina.core.StandardEngine  : Starting Servlet engine: [Apache Tomcat/9.0.16]
2019-03-23 19:04:21.868  INFO 24536 --- [           main] o.a.catalina.core.AprLifecycleListener   : The APR based Apache Tomcat Native library which allows optimal performance in production environments was not found on the java.library.path: [/Users/app/Library/Java/Extensions:/Library/Java/Extensions:/Network/Library/Java/Extensions:/System/Library/Java/Extensions:/usr/lib/java:.]
2019-03-23 19:04:23.553  INFO 24536 --- [           main] o.a.c.c.C.[Tomcat].[localhost].[/]       : Initializing Spring embedded WebApplicationContext
2019-03-23 19:04:23.554  INFO 24536 --- [           main] o.s.web.context.ContextLoader            : Root WebApplicationContext: initialization completed in 26258 ms
2019-03-23 19:04:24.090  WARN 24536 --- [           main] c.n.c.sources.URLConfigurationSource     : No URLs will be polled as dynamic configuration sources.
2019-03-23 19:04:24.091  INFO 24536 --- [           main] c.n.c.sources.URLConfigurationSource     : To enable URLs as dynamic configuration sources, define System property archaius.configurationSource.additionalUrls or make config.properties available on classpath.
2019-03-23 19:04:24.396  INFO 24536 --- [           main] c.netflix.config.DynamicPropertyFactory  : DynamicPropertyFactory is initialized with configuration sources: com.netflix.config.ConcurrentCompositeConfiguration@53f6fd09
2019-03-23 19:04:39.346  INFO 24536 --- [           main] o.s.c.n.eureka.InstanceInfoFactory       : Setting initial instance status as: STARTING
2019-03-23 19:04:40.372  INFO 24536 --- [           main] com.netflix.discovery.DiscoveryClient    : Initializing Eureka in region us-east-1
2019-03-23 19:04:44.178  INFO 24536 --- [           main] c.n.d.provider.DiscoveryJerseyProvider   : Using JSON encoding codec LegacyJacksonJson
2019-03-23 19:04:44.178  INFO 24536 --- [           main] c.n.d.provider.DiscoveryJerseyProvider   : Using JSON decoding codec LegacyJacksonJson
2019-03-23 19:04:47.515  INFO 24536 --- [           main] c.n.d.provider.DiscoveryJerseyProvider   : Using XML encoding codec XStreamXml
2019-03-23 19:04:47.515  INFO 24536 --- [           main] c.n.d.provider.DiscoveryJerseyProvider   : Using XML decoding codec XStreamXml
2019-03-23 19:04:54.124  INFO 24536 --- [           main] c.n.d.s.r.aws.ConfigClusterResolver      : Resolving eureka endpoints via configuration
2019-03-23 19:04:54.617  INFO 24536 --- [           main] com.netflix.discovery.DiscoveryClient    : Disable delta property : false
2019-03-23 19:04:54.618  INFO 24536 --- [           main] com.netflix.discovery.DiscoveryClient    : Single vip registry refresh property : null
2019-03-23 19:04:54.618  INFO 24536 --- [           main] com.netflix.discovery.DiscoveryClient    : Force full registry fetch : false
2019-03-23 19:04:54.618  INFO 24536 --- [           main] com.netflix.discovery.DiscoveryClient    : Application is null : false
2019-03-23 19:04:54.618  INFO 24536 --- [           main] com.netflix.discovery.DiscoveryClient    : Registered Applications size is zero : true
2019-03-23 19:04:54.618  INFO 24536 --- [           main] com.netflix.discovery.DiscoveryClient    : Application version is -1: true
2019-03-23 19:04:54.619  INFO 24536 --- [           main] com.netflix.discovery.DiscoveryClient    : Getting all instance registry info from the eureka server
2019-03-23 19:04:57.657  INFO 24536 --- [           main] com.netflix.discovery.DiscoveryClient    : The response status is 200
2019-03-23 19:04:57.661  INFO 24536 --- [           main] com.netflix.discovery.DiscoveryClient    : Starting heartbeat executor: renew interval is: 30
2019-03-23 19:04:57.665  INFO 24536 --- [           main] c.n.discovery.InstanceInfoReplicator     : InstanceInfoReplicator onDemand update allowed rate per min is 4
2019-03-23 19:04:58.011  INFO 24536 --- [           main] com.netflix.discovery.DiscoveryClient    : Discovery Client initialized at timestamp 1553339098008 with initial instances count: 1
2019-03-23 19:05:03.908  WARN 24536 --- [           main] c.n.c.sources.URLConfigurationSource     : No URLs will be polled as dynamic configuration sources.
2019-03-23 19:05:03.929  INFO 24536 --- [           main] c.n.c.sources.URLConfigurationSource     : To enable URLs as dynamic configuration sources, define System property archaius.configurationSource.additionalUrls or make config.properties available on classpath.
2019-03-23 19:05:06.583  INFO 24536 --- [           main] o.s.s.concurrent.ThreadPoolTaskExecutor  : Initializing ExecutorService 'applicationTaskExecutor'
2019-03-23 19:05:11.846  INFO 24536 --- [           main] .s.s.UserDetailsServiceAutoConfiguration : 

Using generated security password: e67e2db3-774b-4974-8ec0-5596e6b2c25c

2019-03-23 19:05:16.412  INFO 24536 --- [           main] o.s.s.web.DefaultSecurityFilterChain     : Creating filter chain: Ant [pattern='/**'], [org.springframework.security.web.context.request.async.WebAsyncManagerIntegrationFilter@2e6ba49a, org.springframework.security.web.context.SecurityContextPersistenceFilter@55120f99, org.springframework.security.web.header.HeaderWriterFilter@5649ec46, org.springframework.security.web.authentication.logout.LogoutFilter@790132f7, org.springframework.security.oauth2.provider.authentication.OAuth2AuthenticationProcessingFilter@547c04c4, org.springframework.security.web.savedrequest.RequestCacheAwareFilter@1286528d, org.springframework.security.web.servletapi.SecurityContextHolderAwareRequestFilter@775594f2, org.springframework.security.web.authentication.AnonymousAuthenticationFilter@5f5b5ca4, org.springframework.security.web.session.SessionManagementFilter@502f8b57, org.springframework.security.web.access.ExceptionTranslationFilter@5d28bcd5, org.springframework.security.web.access.intercept.FilterSecurityInterceptor@63998bf4]
2019-03-23 19:05:17.563  INFO 24536 --- [           main] o.s.b.a.e.web.EndpointLinksResolver      : Exposing 2 endpoint(s) beneath base path '/actuator'
2019-03-23 19:05:19.569  INFO 24536 --- [           main] o.s.c.n.zuul.ZuulFilterInitializer       : Starting filter initializer
2019-03-23 19:05:20.522  INFO 24536 --- [           main] o.s.c.n.e.s.EurekaServiceRegistry        : Registering application EDGE-SERVICE with eureka with status UP
2019-03-23 19:05:20.537  INFO 24536 --- [           main] com.netflix.discovery.DiscoveryClient    : Saw local status change event StatusChangeEvent [timestamp=1553339120536, current=UP, previous=STARTING]
2019-03-23 19:05:20.541  INFO 24536 --- [nfoReplicator-0] com.netflix.discovery.DiscoveryClient    : DiscoveryClient_EDGE-SERVICE/169.254.66.60:edge-service:8000: registering service...
2019-03-23 19:05:20.872  INFO 24536 --- [nfoReplicator-0] com.netflix.discovery.DiscoveryClient    : DiscoveryClient_EDGE-SERVICE/169.254.66.60:edge-service:8000 - registration status: 204
2019-03-23 19:05:21.181  INFO 24536 --- [           main] o.s.b.w.embedded.tomcat.TomcatWebServer  : Tomcat started on port(s): 8000 (http) with context path ''
2019-03-23 19:05:21.182  INFO 24536 --- [           main] .s.c.n.e.s.EurekaAutoServiceRegistration : Updating port to 8000
2019-03-23 19:05:21.187  INFO 24536 --- [           main] c.d.edgeservice.EdgeServiceApplication   : Started EdgeServiceApplication in 104.437 seconds (JVM running for 109.974)
