2019-03-23 19:03:51.961  INFO 24533 --- [           main] trationDelegate$BeanPostProcessorChecker : Bean 'org.springframework.cloud.autoconfigure.ConfigurationPropertiesRebinderAutoConfiguration' of type [org.springframework.cloud.autoconfigure.ConfigurationPropertiesRebinderAutoConfiguration$$EnhancerBySpringCGLIB$$f3fe9d60] is not eligible for getting processed by all BeanPostProcessors (for example: not eligible for auto-proxying)

  .   ____          _            __ _ _
 /\\ / ___'_ __ _ _(_)_ __  __ _ \ \ \ \
( ( )\___ | '_ | '_| | '_ \/ _` | \ \ \ \
 \\/  ___)| |_)| | | | | || (_| |  ) ) ) )
  '  |____| .__|_| |_|_| |_\__, | / / / /
 =========|_|==============|___/=/_/_/_/
 :: Spring Boot ::        (v2.1.3.RELEASE)

2019-03-23 19:03:54.801  INFO 24533 --- [           main] c.d.p.PaymentServiceApplication          : No active profile set, falling back to default profiles: default
2019-03-23 19:04:07.004  WARN 24533 --- [           main] o.s.boot.actuate.endpoint.EndpointId     : Endpoint ID 'service-registry' contains invalid characters, please migrate to a valid format.
2019-03-23 19:04:07.022  WARN 24533 --- [           main] o.s.boot.actuate.endpoint.EndpointId     : Endpoint ID 'hystrix.stream' contains invalid characters, please migrate to a valid format.
2019-03-23 19:04:09.951  INFO 24533 --- [           main] o.s.cloud.context.scope.GenericScope     : BeanFactory id=b148d0ed-bd8d-34bc-b033-5c6cde8e74aa
2019-03-23 19:04:14.184  INFO 24533 --- [           main] trationDelegate$BeanPostProcessorChecker : Bean 'org.springframework.cloud.autoconfigure.ConfigurationPropertiesRebinderAutoConfiguration' of type [org.springframework.cloud.autoconfigure.ConfigurationPropertiesRebinderAutoConfiguration$$EnhancerBySpringCGLIB$$f3fe9d60] is not eligible for getting processed by all BeanPostProcessors (for example: not eligible for auto-proxying)
2019-03-23 19:04:18.923  INFO 24533 --- [           main] o.s.b.w.embedded.tomcat.TomcatWebServer  : Tomcat initialized with port(s): 8831 (http)
2019-03-23 19:04:19.317  INFO 24533 --- [           main] o.apache.catalina.core.StandardService   : Starting service [Tomcat]
2019-03-23 19:04:19.318  INFO 24533 --- [           main] org.apache.catalina.core.StandardEngine  : Starting Servlet engine: [Apache Tomcat/9.0.16]
2019-03-23 19:04:19.538  INFO 24533 --- [           main] o.a.catalina.core.AprLifecycleListener   : The APR based Apache Tomcat Native library which allows optimal performance in production environments was not found on the java.library.path: [/Users/app/Library/Java/Extensions:/Library/Java/Extensions:/Network/Library/Java/Extensions:/System/Library/Java/Extensions:/usr/lib/java:.]
2019-03-23 19:04:21.011  INFO 24533 --- [           main] o.a.c.c.C.[Tomcat].[localhost].[/]       : Initializing Spring embedded WebApplicationContext
2019-03-23 19:04:21.011  INFO 24533 --- [           main] o.s.web.context.ContextLoader            : Root WebApplicationContext: initialization completed in 25767 ms
2019-03-23 19:04:21.425  WARN 24533 --- [           main] c.n.c.sources.URLConfigurationSource     : No URLs will be polled as dynamic configuration sources.
2019-03-23 19:04:21.425  INFO 24533 --- [           main] c.n.c.sources.URLConfigurationSource     : To enable URLs as dynamic configuration sources, define System property archaius.configurationSource.additionalUrls or make config.properties available on classpath.
2019-03-23 19:04:21.449  INFO 24533 --- [           main] c.netflix.config.DynamicPropertyFactory  : DynamicPropertyFactory is initialized with configuration sources: com.netflix.config.ConcurrentCompositeConfiguration@7e19ebf0
2019-03-23 19:04:38.084  WARN 24533 --- [           main] c.n.c.sources.URLConfigurationSource     : No URLs will be polled as dynamic configuration sources.
2019-03-23 19:04:38.090  INFO 24533 --- [           main] c.n.c.sources.URLConfigurationSource     : To enable URLs as dynamic configuration sources, define System property archaius.configurationSource.additionalUrls or make config.properties available on classpath.
2019-03-23 19:04:42.148  INFO 24533 --- [           main] o.s.s.concurrent.ThreadPoolTaskExecutor  : Initializing ExecutorService 'applicationTaskExecutor'
2019-03-23 19:04:48.986  INFO 24533 --- [           main] .s.s.UserDetailsServiceAutoConfiguration : 

Using generated security password: a8d0e1e4-eb88-453b-a3ff-a24bc402fcb6

2019-03-23 19:04:57.140  INFO 24533 --- [           main] o.s.s.web.DefaultSecurityFilterChain     : Creating filter chain: any request, [org.springframework.security.web.context.request.async.WebAsyncManagerIntegrationFilter@1a7288a3, org.springframework.security.web.context.SecurityContextPersistenceFilter@4b3a45f1, org.springframework.security.web.header.HeaderWriterFilter@c1bd0be, org.springframework.security.web.authentication.logout.LogoutFilter@75b25825, org.springframework.security.oauth2.provider.authentication.OAuth2AuthenticationProcessingFilter@5d2a4eed, org.springframework.security.web.savedrequest.RequestCacheAwareFilter@3eeb318f, org.springframework.security.web.servletapi.SecurityContextHolderAwareRequestFilter@6da00fb9, org.springframework.security.web.authentication.AnonymousAuthenticationFilter@2974f221, org.springframework.security.web.session.SessionManagementFilter@1c6804cd, org.springframework.security.web.access.ExceptionTranslationFilter@698122b2, org.springframework.security.web.access.intercept.FilterSecurityInterceptor@6f0b0a5e]
2019-03-23 19:04:58.602  INFO 24533 --- [           main] o.s.b.a.e.web.EndpointLinksResolver      : Exposing 2 endpoint(s) beneath base path '/actuator'
2019-03-23 19:05:03.452  INFO 24533 --- [           main] o.s.c.n.eureka.InstanceInfoFactory       : Setting initial instance status as: STARTING
2019-03-23 19:05:04.495  INFO 24533 --- [           main] com.netflix.discovery.DiscoveryClient    : Initializing Eureka in region us-east-1
2019-03-23 19:05:07.384  INFO 24533 --- [           main] c.n.d.provider.DiscoveryJerseyProvider   : Using JSON encoding codec LegacyJacksonJson
2019-03-23 19:05:07.384  INFO 24533 --- [           main] c.n.d.provider.DiscoveryJerseyProvider   : Using JSON decoding codec LegacyJacksonJson
2019-03-23 19:05:09.764  INFO 24533 --- [           main] c.n.d.provider.DiscoveryJerseyProvider   : Using XML encoding codec XStreamXml
2019-03-23 19:05:09.764  INFO 24533 --- [           main] c.n.d.provider.DiscoveryJerseyProvider   : Using XML decoding codec XStreamXml
2019-03-23 19:05:12.462  INFO 24533 --- [           main] c.n.d.s.r.aws.ConfigClusterResolver      : Resolving eureka endpoints via configuration
2019-03-23 19:05:12.568  INFO 24533 --- [           main] com.netflix.discovery.DiscoveryClient    : Disable delta property : false
2019-03-23 19:05:12.568  INFO 24533 --- [           main] com.netflix.discovery.DiscoveryClient    : Single vip registry refresh property : null
2019-03-23 19:05:12.568  INFO 24533 --- [           main] com.netflix.discovery.DiscoveryClient    : Force full registry fetch : false
2019-03-23 19:05:12.568  INFO 24533 --- [           main] com.netflix.discovery.DiscoveryClient    : Application is null : false
2019-03-23 19:05:12.568  INFO 24533 --- [           main] com.netflix.discovery.DiscoveryClient    : Registered Applications size is zero : true
2019-03-23 19:05:12.568  INFO 24533 --- [           main] com.netflix.discovery.DiscoveryClient    : Application version is -1: true
2019-03-23 19:05:12.568  INFO 24533 --- [           main] com.netflix.discovery.DiscoveryClient    : Getting all instance registry info from the eureka server
2019-03-23 19:05:15.417  INFO 24533 --- [           main] com.netflix.discovery.DiscoveryClient    : The response status is 200
2019-03-23 19:05:15.468  INFO 24533 --- [           main] com.netflix.discovery.DiscoveryClient    : Starting heartbeat executor: renew interval is: 30
2019-03-23 19:05:15.480  INFO 24533 --- [           main] c.n.discovery.InstanceInfoReplicator     : InstanceInfoReplicator onDemand update allowed rate per min is 4
2019-03-23 19:05:15.495  INFO 24533 --- [           main] com.netflix.discovery.DiscoveryClient    : Discovery Client initialized at timestamp 1553339115491 with initial instances count: 1
2019-03-23 19:05:15.507  INFO 24533 --- [           main] o.s.c.n.e.s.EurekaServiceRegistry        : Registering application PAYMENT-SERVICE with eureka with status UP
2019-03-23 19:05:15.509  INFO 24533 --- [           main] com.netflix.discovery.DiscoveryClient    : Saw local status change event StatusChangeEvent [timestamp=1553339115509, current=UP, previous=STARTING]
2019-03-23 19:05:15.513  INFO 24533 --- [nfoReplicator-0] com.netflix.discovery.DiscoveryClient    : DiscoveryClient_PAYMENT-SERVICE/169.254.66.60:payment-service:8831: registering service...
2019-03-23 19:05:15.827  INFO 24533 --- [nfoReplicator-0] com.netflix.discovery.DiscoveryClient    : DiscoveryClient_PAYMENT-SERVICE/169.254.66.60:payment-service:8831 - registration status: 204
2019-03-23 19:05:16.440  INFO 24533 --- [           main] o.s.b.w.embedded.tomcat.TomcatWebServer  : Tomcat started on port(s): 8831 (http) with context path ''
2019-03-23 19:05:16.441  INFO 24533 --- [           main] .s.c.n.e.s.EurekaAutoServiceRegistration : Updating port to 8831
2019-03-23 19:05:16.453  INFO 24533 --- [           main] c.d.p.PaymentServiceApplication          : Started PaymentServiceApplication in 100.271 seconds (JVM running for 105.217)
