2019-03-23 19:03:51.182  INFO 24524 --- [           main] trationDelegate$BeanPostProcessorChecker : Bean 'org.springframework.cloud.autoconfigure.ConfigurationPropertiesRebinderAutoConfiguration' of type [org.springframework.cloud.autoconfigure.ConfigurationPropertiesRebinderAutoConfiguration$$EnhancerBySpringCGLIB$$cee965f] is not eligible for getting processed by all BeanPostProcessors (for example: not eligible for auto-proxying)

  .   ____          _            __ _ _
 /\\ / ___'_ __ _ _(_)_ __  __ _ \ \ \ \
( ( )\___ | '_ | '_| | '_ \/ _` | \ \ \ \
 \\/  ___)| |_)| | | | | || (_| |  ) ) ) )
  '  |____| .__|_| |_|_| |_\__, | / / / /
 =========|_|==============|___/=/_/_/_/
 :: Spring Boot ::        (v2.1.3.RELEASE)

2019-03-23 19:03:54.108  INFO 24524 --- [           main] c.d.p.ProductServiceApplication          : No active profile set, falling back to default profiles: default
2019-03-23 19:04:06.119  WARN 24524 --- [           main] o.s.boot.actuate.endpoint.EndpointId     : Endpoint ID 'service-registry' contains invalid characters, please migrate to a valid format.
2019-03-23 19:04:06.159  WARN 24524 --- [           main] o.s.boot.actuate.endpoint.EndpointId     : Endpoint ID 'hystrix.stream' contains invalid characters, please migrate to a valid format.
2019-03-23 19:04:09.429  INFO 24524 --- [           main] o.s.cloud.context.scope.GenericScope     : BeanFactory id=676547e0-9ebf-3b47-8e8a-335de808eecc
2019-03-23 19:04:11.879  INFO 24524 --- [           main] trationDelegate$BeanPostProcessorChecker : Bean 'org.springframework.transaction.annotation.ProxyTransactionManagementConfiguration' of type [org.springframework.transaction.annotation.ProxyTransactionManagementConfiguration$$EnhancerBySpringCGLIB$$f0d49362] is not eligible for getting processed by all BeanPostProcessors (for example: not eligible for auto-proxying)
2019-03-23 19:04:14.685  INFO 24524 --- [           main] trationDelegate$BeanPostProcessorChecker : Bean 'org.springframework.cloud.autoconfigure.ConfigurationPropertiesRebinderAutoConfiguration' of type [org.springframework.cloud.autoconfigure.ConfigurationPropertiesRebinderAutoConfiguration$$EnhancerBySpringCGLIB$$cee965f] is not eligible for getting processed by all BeanPostProcessors (for example: not eligible for auto-proxying)
2019-03-23 19:04:19.275  INFO 24524 --- [           main] o.s.b.w.embedded.tomcat.TomcatWebServer  : Tomcat initialized with port(s): 8801 (http)
2019-03-23 19:04:19.681  INFO 24524 --- [           main] o.apache.catalina.core.StandardService   : Starting service [Tomcat]
2019-03-23 19:04:19.681  INFO 24524 --- [           main] org.apache.catalina.core.StandardEngine  : Starting Servlet engine: [Apache Tomcat/9.0.16]
2019-03-23 19:04:20.008  INFO 24524 --- [           main] o.a.catalina.core.AprLifecycleListener   : The APR based Apache Tomcat Native library which allows optimal performance in production environments was not found on the java.library.path: [/Users/app/Library/Java/Extensions:/Library/Java/Extensions:/Network/Library/Java/Extensions:/System/Library/Java/Extensions:/usr/lib/java:.]
2019-03-23 19:04:21.581  INFO 24524 --- [           main] o.a.c.c.C.[Tomcat].[localhost].[/]       : Initializing Spring embedded WebApplicationContext
2019-03-23 19:04:21.581  INFO 24524 --- [           main] o.s.web.context.ContextLoader            : Root WebApplicationContext: initialization completed in 26991 ms
2019-03-23 19:04:21.714  WARN 24524 --- [           main] c.n.c.sources.URLConfigurationSource     : No URLs will be polled as dynamic configuration sources.
2019-03-23 19:04:21.714  INFO 24524 --- [           main] c.n.c.sources.URLConfigurationSource     : To enable URLs as dynamic configuration sources, define System property archaius.configurationSource.additionalUrls or make config.properties available on classpath.
2019-03-23 19:04:22.006  INFO 24524 --- [           main] c.netflix.config.DynamicPropertyFactory  : DynamicPropertyFactory is initialized with configuration sources: com.netflix.config.ConcurrentCompositeConfiguration@602e0143
2019-03-23 19:04:26.837  INFO 24524 --- [           main] c.a.d.s.b.a.DruidDataSourceAutoConfigure : Init DruidDataSource
Loading class `com.mysql.jdbc.Driver'. This is deprecated. The new driver class is `com.mysql.cj.jdbc.Driver'. The driver is automatically registered via the SPI and manual loading of the driver class is generally unnecessary.
log4j:WARN No appenders could be found for logger (druid.sql.Connection).
log4j:WARN Please initialize the log4j system properly.
log4j:WARN See http://logging.apache.org/log4j/1.2/faq.html#noconfig for more info.
2019-03-23 19:04:33.403  INFO 24524 --- [           main] com.alibaba.druid.pool.DruidDataSource   : {dataSource-1} inited
2019-03-23 19:04:50.959  WARN 24524 --- [           main] c.n.c.sources.URLConfigurationSource     : No URLs will be polled as dynamic configuration sources.
2019-03-23 19:04:50.962  INFO 24524 --- [           main] c.n.c.sources.URLConfigurationSource     : To enable URLs as dynamic configuration sources, define System property archaius.configurationSource.additionalUrls or make config.properties available on classpath.
2019-03-23 19:04:53.639  INFO 24524 --- [           main] o.s.s.concurrent.ThreadPoolTaskExecutor  : Initializing ExecutorService 'applicationTaskExecutor'
2019-03-23 19:04:58.521  INFO 24524 --- [           main] .s.s.UserDetailsServiceAutoConfiguration : 

Using generated security password: d07340d8-7d33-4c5c-bbfa-bd3871a88f90

2019-03-23 19:05:04.597  INFO 24524 --- [           main] o.s.s.web.DefaultSecurityFilterChain     : Creating filter chain: any request, [org.springframework.security.web.context.request.async.WebAsyncManagerIntegrationFilter@4089713, org.springframework.security.web.context.SecurityContextPersistenceFilter@6e9319f, org.springframework.security.web.header.HeaderWriterFilter@5217f3d0, org.springframework.security.web.authentication.logout.LogoutFilter@33617539, org.springframework.security.oauth2.provider.authentication.OAuth2AuthenticationProcessingFilter@18e7143f, org.springframework.security.web.savedrequest.RequestCacheAwareFilter@7bf9b098, org.springframework.security.web.servletapi.SecurityContextHolderAwareRequestFilter@1fc0053e, org.springframework.security.web.authentication.AnonymousAuthenticationFilter@f19c9d2, org.springframework.security.web.session.SessionManagementFilter@293bb8a5, org.springframework.security.web.access.ExceptionTranslationFilter@3c9168dc, org.springframework.security.web.access.intercept.FilterSecurityInterceptor@532a02d9]
2019-03-23 19:05:06.351  INFO 24524 --- [           main] o.s.b.a.e.web.EndpointLinksResolver      : Exposing 2 endpoint(s) beneath base path '/actuator'
2019-03-23 19:05:08.540  INFO 24524 --- [           main] o.s.c.n.eureka.InstanceInfoFactory       : Setting initial instance status as: STARTING
2019-03-23 19:05:10.832  INFO 24524 --- [           main] com.netflix.discovery.DiscoveryClient    : Initializing Eureka in region us-east-1
2019-03-23 19:05:12.794  INFO 24524 --- [           main] c.n.d.provider.DiscoveryJerseyProvider   : Using JSON encoding codec LegacyJacksonJson
2019-03-23 19:05:12.794  INFO 24524 --- [           main] c.n.d.provider.DiscoveryJerseyProvider   : Using JSON decoding codec LegacyJacksonJson
2019-03-23 19:05:14.684  INFO 24524 --- [           main] c.n.d.provider.DiscoveryJerseyProvider   : Using XML encoding codec XStreamXml
2019-03-23 19:05:14.684  INFO 24524 --- [           main] c.n.d.provider.DiscoveryJerseyProvider   : Using XML decoding codec XStreamXml
2019-03-23 19:05:19.811  INFO 24524 --- [           main] c.n.d.s.r.aws.ConfigClusterResolver      : Resolving eureka endpoints via configuration
2019-03-23 19:05:20.360  INFO 24524 --- [           main] com.netflix.discovery.DiscoveryClient    : Disable delta property : false
2019-03-23 19:05:20.362  INFO 24524 --- [           main] com.netflix.discovery.DiscoveryClient    : Single vip registry refresh property : null
2019-03-23 19:05:20.363  INFO 24524 --- [           main] com.netflix.discovery.DiscoveryClient    : Force full registry fetch : false
2019-03-23 19:05:20.363  INFO 24524 --- [           main] com.netflix.discovery.DiscoveryClient    : Application is null : false
2019-03-23 19:05:20.363  INFO 24524 --- [           main] com.netflix.discovery.DiscoveryClient    : Registered Applications size is zero : true
2019-03-23 19:05:20.369  INFO 24524 --- [           main] com.netflix.discovery.DiscoveryClient    : Application version is -1: true
2019-03-23 19:05:20.370  INFO 24524 --- [           main] com.netflix.discovery.DiscoveryClient    : Getting all instance registry info from the eureka server
2019-03-23 19:05:23.552  INFO 24524 --- [           main] com.netflix.discovery.DiscoveryClient    : The response status is 200
2019-03-23 19:05:23.574  INFO 24524 --- [           main] com.netflix.discovery.DiscoveryClient    : Starting heartbeat executor: renew interval is: 30
2019-03-23 19:05:23.606  INFO 24524 --- [           main] c.n.discovery.InstanceInfoReplicator     : InstanceInfoReplicator onDemand update allowed rate per min is 4
2019-03-23 19:05:23.629  INFO 24524 --- [           main] com.netflix.discovery.DiscoveryClient    : Discovery Client initialized at timestamp 1553339123626 with initial instances count: 1
2019-03-23 19:05:23.673  INFO 24524 --- [           main] o.s.c.n.e.s.EurekaServiceRegistry        : Registering application PRODUCT-SERVICE with eureka with status UP
2019-03-23 19:05:23.674  INFO 24524 --- [           main] com.netflix.discovery.DiscoveryClient    : Saw local status change event StatusChangeEvent [timestamp=1553339123674, current=UP, previous=STARTING]
2019-03-23 19:05:23.689  INFO 24524 --- [nfoReplicator-0] com.netflix.discovery.DiscoveryClient    : DiscoveryClient_PRODUCT-SERVICE/169.254.66.60:product-service:8801: registering service...
2019-03-23 19:05:23.801  INFO 24524 --- [nfoReplicator-0] com.netflix.discovery.DiscoveryClient    : DiscoveryClient_PRODUCT-SERVICE/169.254.66.60:product-service:8801 - registration status: 204
2019-03-23 19:05:24.316  INFO 24524 --- [           main] o.s.b.w.embedded.tomcat.TomcatWebServer  : Tomcat started on port(s): 8801 (http) with context path ''
2019-03-23 19:05:24.317  INFO 24524 --- [           main] .s.c.n.e.s.EurekaAutoServiceRegistration : Updating port to 8801
2019-03-23 19:05:24.324  INFO 24524 --- [           main] c.d.p.ProductServiceApplication          : Started ProductServiceApplication in 108.01 seconds (JVM running for 113.253)
