2019-03-23 19:03:53.874  INFO 24518 --- [           main] trationDelegate$BeanPostProcessorChecker : Bean 'org.springframework.cloud.autoconfigure.ConfigurationPropertiesRebinderAutoConfiguration' of type [org.springframework.cloud.autoconfigure.ConfigurationPropertiesRebinderAutoConfiguration$$EnhancerBySpringCGLIB$$ca5bfd9d] is not eligible for getting processed by all BeanPostProcessors (for example: not eligible for auto-proxying)

  .   ____          _            __ _ _
 /\\ / ___'_ __ _ _(_)_ __  __ _ \ \ \ \
( ( )\___ | '_ | '_| | '_ \/ _` | \ \ \ \
 \\/  ___)| |_)| | | | | || (_| |  ) ) ) )
  '  |____| .__|_| |_|_| |_\__, | / / / /
 =========|_|==============|___/=/_/_/_/
 :: Spring Boot ::        (v2.1.3.RELEASE)

2019-03-23 19:03:56.360  INFO 24518 --- [           main] c.d.s.ServiceRegistryApplication         : The following profiles are active: peer2
2019-03-23 19:04:06.257  WARN 24518 --- [           main] o.s.boot.actuate.endpoint.EndpointId     : Endpoint ID 'service-registry' contains invalid characters, please migrate to a valid format.
2019-03-23 19:04:09.312  INFO 24518 --- [           main] o.s.cloud.context.scope.GenericScope     : BeanFactory id=1976616b-c4aa-3b8d-954b-09031048cb3c
2019-03-23 19:04:11.025  INFO 24518 --- [           main] trationDelegate$BeanPostProcessorChecker : Bean 'org.springframework.cloud.autoconfigure.ConfigurationPropertiesRebinderAutoConfiguration' of type [org.springframework.cloud.autoconfigure.ConfigurationPropertiesRebinderAutoConfiguration$$EnhancerBySpringCGLIB$$ca5bfd9d] is not eligible for getting processed by all BeanPostProcessors (for example: not eligible for auto-proxying)
2019-03-23 19:04:15.645  INFO 24518 --- [           main] o.s.b.w.embedded.tomcat.TomcatWebServer  : Tomcat initialized with port(s): 8762 (http)
2019-03-23 19:04:16.332  INFO 24518 --- [           main] o.apache.catalina.core.StandardService   : Starting service [Tomcat]
2019-03-23 19:04:16.333  INFO 24518 --- [           main] org.apache.catalina.core.StandardEngine  : Starting Servlet engine: [Apache Tomcat/9.0.16]
2019-03-23 19:04:16.373  INFO 24518 --- [           main] o.a.catalina.core.AprLifecycleListener   : The APR based Apache Tomcat Native library which allows optimal performance in production environments was not found on the java.library.path: [/Users/app/Library/Java/Extensions:/Library/Java/Extensions:/Network/Library/Java/Extensions:/System/Library/Java/Extensions:/usr/lib/java:.]
2019-03-23 19:04:17.650  INFO 24518 --- [           main] o.a.c.c.C.[Tomcat].[localhost].[/]       : Initializing Spring embedded WebApplicationContext
2019-03-23 19:04:17.657  INFO 24518 --- [           main] o.s.web.context.ContextLoader            : Root WebApplicationContext: initialization completed in 20975 ms
2019-03-23 19:04:19.706  WARN 24518 --- [           main] c.n.c.sources.URLConfigurationSource     : No URLs will be polled as dynamic configuration sources.
2019-03-23 19:04:19.731  INFO 24518 --- [           main] c.n.c.sources.URLConfigurationSource     : To enable URLs as dynamic configuration sources, define System property archaius.configurationSource.additionalUrls or make config.properties available on classpath.
2019-03-23 19:04:19.976  INFO 24518 --- [           main] c.netflix.config.DynamicPropertyFactory  : DynamicPropertyFactory is initialized with configuration sources: com.netflix.config.ConcurrentCompositeConfiguration@4bf48f6
2019-03-23 19:04:29.203  INFO 24518 --- [           main] c.s.j.s.i.a.WebApplicationImpl           : Initiating Jersey application, version 'Jersey: 1.19.1 03/11/2016 02:08 PM'
2019-03-23 19:04:30.373  INFO 24518 --- [           main] c.n.d.provider.DiscoveryJerseyProvider   : Using JSON encoding codec LegacyJacksonJson
2019-03-23 19:04:30.375  INFO 24518 --- [           main] c.n.d.provider.DiscoveryJerseyProvider   : Using JSON decoding codec LegacyJacksonJson
2019-03-23 19:04:33.900  INFO 24518 --- [           main] c.n.d.provider.DiscoveryJerseyProvider   : Using XML encoding codec XStreamXml
2019-03-23 19:04:33.900  INFO 24518 --- [           main] c.n.d.provider.DiscoveryJerseyProvider   : Using XML decoding codec XStreamXml
2019-03-23 19:04:40.219  WARN 24518 --- [           main] c.n.c.sources.URLConfigurationSource     : No URLs will be polled as dynamic configuration sources.
2019-03-23 19:04:40.219  INFO 24518 --- [           main] c.n.c.sources.URLConfigurationSource     : To enable URLs as dynamic configuration sources, define System property archaius.configurationSource.additionalUrls or make config.properties available on classpath.
2019-03-23 19:04:43.138  INFO 24518 --- [           main] o.s.s.concurrent.ThreadPoolTaskExecutor  : Initializing ExecutorService 'applicationTaskExecutor'
2019-03-23 19:04:51.158  INFO 24518 --- [           main] o.s.c.n.eureka.InstanceInfoFactory       : Setting initial instance status as: STARTING
2019-03-23 19:04:51.850  INFO 24518 --- [           main] com.netflix.discovery.DiscoveryClient    : Initializing Eureka in region us-east-1
2019-03-23 19:04:54.062  INFO 24518 --- [           main] c.n.d.provider.DiscoveryJerseyProvider   : Using JSON encoding codec LegacyJacksonJson
2019-03-23 19:04:54.062  INFO 24518 --- [           main] c.n.d.provider.DiscoveryJerseyProvider   : Using JSON decoding codec LegacyJacksonJson
2019-03-23 19:04:54.062  INFO 24518 --- [           main] c.n.d.provider.DiscoveryJerseyProvider   : Using XML encoding codec XStreamXml
2019-03-23 19:04:54.062  INFO 24518 --- [           main] c.n.d.provider.DiscoveryJerseyProvider   : Using XML decoding codec XStreamXml
2019-03-23 19:04:55.550  INFO 24518 --- [           main] c.n.d.s.r.aws.ConfigClusterResolver      : Resolving eureka endpoints via configuration
2019-03-23 19:04:55.605  INFO 24518 --- [           main] com.netflix.discovery.DiscoveryClient    : Disable delta property : false
2019-03-23 19:04:55.605  INFO 24518 --- [           main] com.netflix.discovery.DiscoveryClient    : Single vip registry refresh property : null
2019-03-23 19:04:55.605  INFO 24518 --- [           main] com.netflix.discovery.DiscoveryClient    : Force full registry fetch : false
2019-03-23 19:04:55.605  INFO 24518 --- [           main] com.netflix.discovery.DiscoveryClient    : Application is null : false
2019-03-23 19:04:55.605  INFO 24518 --- [           main] com.netflix.discovery.DiscoveryClient    : Registered Applications size is zero : true
2019-03-23 19:04:55.605  INFO 24518 --- [           main] com.netflix.discovery.DiscoveryClient    : Application version is -1: true
2019-03-23 19:04:55.605  INFO 24518 --- [           main] com.netflix.discovery.DiscoveryClient    : Getting all instance registry info from the eureka server
2019-03-23 19:04:58.946  INFO 24518 --- [           main] com.netflix.discovery.DiscoveryClient    : The response status is 200
2019-03-23 19:04:58.953  INFO 24518 --- [           main] com.netflix.discovery.DiscoveryClient    : Starting heartbeat executor: renew interval is: 30
2019-03-23 19:04:59.197  INFO 24518 --- [           main] c.n.discovery.InstanceInfoReplicator     : InstanceInfoReplicator onDemand update allowed rate per min is 4
2019-03-23 19:04:59.203  INFO 24518 --- [           main] com.netflix.discovery.DiscoveryClient    : Discovery Client initialized at timestamp 1553339099202 with initial instances count: 1
2019-03-23 19:04:59.775  INFO 24518 --- [           main] c.n.eureka.DefaultEurekaServerContext    : Initializing ...
2019-03-23 19:04:59.777  WARN 24518 --- [           main] c.n.eureka.cluster.PeerEurekaNodes       : The replica size seems to be empty. Check the route 53 DNS Registry
2019-03-23 19:04:59.793  INFO 24518 --- [           main] c.n.e.registry.AbstractInstanceRegistry  : Finished initializing remote region registries. All known remote regions: []
2019-03-23 19:04:59.794  INFO 24518 --- [           main] c.n.eureka.DefaultEurekaServerContext    : Initialized
2019-03-23 19:05:00.245  INFO 24518 --- [           main] o.s.b.a.e.web.EndpointLinksResolver      : Exposing 2 endpoint(s) beneath base path '/actuator'
2019-03-23 19:05:01.280  INFO 24518 --- [           main] o.s.c.n.e.s.EurekaServiceRegistry        : Registering application SERVICEREGISTRY with eureka with status UP
2019-03-23 19:05:01.281  INFO 24518 --- [           main] com.netflix.discovery.DiscoveryClient    : Saw local status change event StatusChangeEvent [timestamp=1553339101281, current=UP, previous=STARTING]
2019-03-23 19:05:01.283  INFO 24518 --- [nfoReplicator-0] com.netflix.discovery.DiscoveryClient    : DiscoveryClient_SERVICEREGISTRY/169.254.66.60:serviceRegistry:8762: registering service...
2019-03-23 19:05:01.471  INFO 24518 --- [      Thread-13] o.s.c.n.e.server.EurekaServerBootstrap   : Setting the eureka configuration..
2019-03-23 19:05:01.472  INFO 24518 --- [      Thread-13] o.s.c.n.e.server.EurekaServerBootstrap   : Eureka data center value eureka.datacenter is not set, defaulting to default
2019-03-23 19:05:01.477  INFO 24518 --- [      Thread-13] o.s.c.n.e.server.EurekaServerBootstrap   : Eureka environment value eureka.environment is not set, defaulting to test
2019-03-23 19:05:01.631  INFO 24518 --- [      Thread-13] o.s.c.n.e.server.EurekaServerBootstrap   : isAws returned false
2019-03-23 19:05:01.636  INFO 24518 --- [      Thread-13] o.s.c.n.e.server.EurekaServerBootstrap   : Initialized server context
2019-03-23 19:05:01.714  INFO 24518 --- [      Thread-13] c.n.e.registry.AbstractInstanceRegistry  : Registered instance SERVICEREGISTRY/169.254.66.60:serviceRegistry:8762 with status UP (replication=true)
2019-03-23 19:05:01.715  INFO 24518 --- [      Thread-13] c.n.e.r.PeerAwareInstanceRegistryImpl    : Got 1 instances from neighboring DS node
2019-03-23 19:05:01.715  INFO 24518 --- [      Thread-13] c.n.e.r.PeerAwareInstanceRegistryImpl    : Renew threshold is: 1
2019-03-23 19:05:01.715  INFO 24518 --- [      Thread-13] c.n.e.r.PeerAwareInstanceRegistryImpl    : Changing status to UP
2019-03-23 19:05:01.745  INFO 24518 --- [      Thread-13] e.s.EurekaServerInitializerConfiguration : Started Eureka Server
2019-03-23 19:05:01.879  INFO 24518 --- [nfoReplicator-0] com.netflix.discovery.DiscoveryClient    : DiscoveryClient_SERVICEREGISTRY/169.254.66.60:serviceRegistry:8762 - registration status: 204
2019-03-23 19:05:02.281 ERROR 24518 --- [           main] org.apache.catalina.util.LifecycleBase   : Failed to start component [Connector[HTTP/1.1-8762]]

org.apache.catalina.LifecycleException: Protocol handler start failed
	at org.apache.catalina.connector.Connector.startInternal(Connector.java:1008) ~[tomcat-embed-core-9.0.16.jar!/:9.0.16]
	at org.apache.catalina.util.LifecycleBase.start(LifecycleBase.java:183) ~[tomcat-embed-core-9.0.16.jar!/:9.0.16]
	at org.apache.catalina.core.StandardService.addConnector(StandardService.java:226) [tomcat-embed-core-9.0.16.jar!/:9.0.16]
	at org.springframework.boot.web.embedded.tomcat.TomcatWebServer.addPreviouslyRemovedConnectors(TomcatWebServer.java:259) [spring-boot-2.1.3.RELEASE.jar!/:2.1.3.RELEASE]
	at org.springframework.boot.web.embedded.tomcat.TomcatWebServer.start(TomcatWebServer.java:197) [spring-boot-2.1.3.RELEASE.jar!/:2.1.3.RELEASE]
	at org.springframework.boot.web.servlet.context.ServletWebServerApplicationContext.startWebServer(ServletWebServerApplicationContext.java:311) [spring-boot-2.1.3.RELEASE.jar!/:2.1.3.RELEASE]
	at org.springframework.boot.web.servlet.context.ServletWebServerApplicationContext.finishRefresh(ServletWebServerApplicationContext.java:164) [spring-boot-2.1.3.RELEASE.jar!/:2.1.3.RELEASE]
	at org.springframework.context.support.AbstractApplicationContext.refresh(AbstractApplicationContext.java:552) [spring-context-5.1.5.RELEASE.jar!/:5.1.5.RELEASE]
	at org.springframework.boot.web.servlet.context.ServletWebServerApplicationContext.refresh(ServletWebServerApplicationContext.java:142) [spring-boot-2.1.3.RELEASE.jar!/:2.1.3.RELEASE]
	at org.springframework.boot.SpringApplication.refresh(SpringApplication.java:775) [spring-boot-2.1.3.RELEASE.jar!/:2.1.3.RELEASE]
	at org.springframework.boot.SpringApplication.refreshContext(SpringApplication.java:397) [spring-boot-2.1.3.RELEASE.jar!/:2.1.3.RELEASE]
	at org.springframework.boot.SpringApplication.run(SpringApplication.java:316) [spring-boot-2.1.3.RELEASE.jar!/:2.1.3.RELEASE]
	at org.springframework.boot.SpringApplication.run(SpringApplication.java:1260) [spring-boot-2.1.3.RELEASE.jar!/:2.1.3.RELEASE]
	at org.springframework.boot.SpringApplication.run(SpringApplication.java:1248) [spring-boot-2.1.3.RELEASE.jar!/:2.1.3.RELEASE]
	at com.doer.serviceregistry.ServiceRegistryApplication.main(ServiceRegistryApplication.java:12) [classes!/:0.0.1-SNAPSHOT]
	at sun.reflect.NativeMethodAccessorImpl.invoke0(Native Method) ~[na:1.8.0_192]
	at sun.reflect.NativeMethodAccessorImpl.invoke(NativeMethodAccessorImpl.java:62) ~[na:1.8.0_192]
	at sun.reflect.DelegatingMethodAccessorImpl.invoke(DelegatingMethodAccessorImpl.java:43) ~[na:1.8.0_192]
	at java.lang.reflect.Method.invoke(Method.java:498) ~[na:1.8.0_192]
	at org.springframework.boot.loader.MainMethodRunner.run(MainMethodRunner.java:48) [service-registry-0.0.1-SNAPSHOT.jar:0.0.1-SNAPSHOT]
	at org.springframework.boot.loader.Launcher.launch(Launcher.java:87) [service-registry-0.0.1-SNAPSHOT.jar:0.0.1-SNAPSHOT]
	at org.springframework.boot.loader.Launcher.launch(Launcher.java:50) [service-registry-0.0.1-SNAPSHOT.jar:0.0.1-SNAPSHOT]
	at org.springframework.boot.loader.JarLauncher.main(JarLauncher.java:51) [service-registry-0.0.1-SNAPSHOT.jar:0.0.1-SNAPSHOT]
Caused by: java.net.BindException: Address already in use
	at sun.nio.ch.Net.bind0(Native Method) ~[na:1.8.0_192]
	at sun.nio.ch.Net.bind(Net.java:433) ~[na:1.8.0_192]
	at sun.nio.ch.Net.bind(Net.java:425) ~[na:1.8.0_192]
	at sun.nio.ch.ServerSocketChannelImpl.bind(ServerSocketChannelImpl.java:223) ~[na:1.8.0_192]
	at sun.nio.ch.ServerSocketAdaptor.bind(ServerSocketAdaptor.java:74) ~[na:1.8.0_192]
	at org.apache.tomcat.util.net.NioEndpoint.initServerSocket(NioEndpoint.java:236) ~[tomcat-embed-core-9.0.16.jar!/:9.0.16]
	at org.apache.tomcat.util.net.NioEndpoint.bind(NioEndpoint.java:210) ~[tomcat-embed-core-9.0.16.jar!/:9.0.16]
	at org.apache.tomcat.util.net.AbstractEndpoint.bindWithCleanup(AbstractEndpoint.java:1085) ~[tomcat-embed-core-9.0.16.jar!/:9.0.16]
	at org.apache.tomcat.util.net.AbstractEndpoint.start(AbstractEndpoint.java:1171) ~[tomcat-embed-core-9.0.16.jar!/:9.0.16]
	at org.apache.coyote.AbstractProtocol.start(AbstractProtocol.java:568) ~[tomcat-embed-core-9.0.16.jar!/:9.0.16]
	at org.apache.catalina.connector.Connector.startInternal(Connector.java:1005) ~[tomcat-embed-core-9.0.16.jar!/:9.0.16]
	... 22 common frames omitted

2019-03-23 19:05:02.441  INFO 24518 --- [           main] o.apache.catalina.core.StandardService   : Stopping service [Tomcat]
2019-03-23 19:05:02.465  WARN 24518 --- [           main] o.a.c.loader.WebappClassLoaderBase       : The web application [ROOT] appears to have started a thread named [spring.cloud.inetutils] but has failed to stop it. This is very likely to create a memory leak. Stack trace of thread:
 sun.misc.Unsafe.park(Native Method)
 java.util.concurrent.locks.LockSupport.park(LockSupport.java:175)
 java.util.concurrent.locks.AbstractQueuedSynchronizer$ConditionObject.await(AbstractQueuedSynchronizer.java:2039)
 java.util.concurrent.LinkedBlockingQueue.take(LinkedBlockingQueue.java:442)
 java.util.concurrent.ThreadPoolExecutor.getTask(ThreadPoolExecutor.java:1074)
 java.util.concurrent.ThreadPoolExecutor.runWorker(ThreadPoolExecutor.java:1134)
 java.util.concurrent.ThreadPoolExecutor$Worker.run(ThreadPoolExecutor.java:624)
 java.lang.Thread.run(Thread.java:748)
2019-03-23 19:05:02.479  INFO 24518 --- [           main] ConditionEvaluationReportLoggingListener : 

Error starting ApplicationContext. To display the conditions report re-run your application with 'debug' enabled.
2019-03-23 19:05:02.481  INFO 24518 --- [           main] o.s.c.n.e.s.EurekaServiceRegistry        : Unregistering application SERVICEREGISTRY with eureka with status DOWN
2019-03-23 19:05:02.481  WARN 24518 --- [           main] com.netflix.discovery.DiscoveryClient    : Saw local status change event StatusChangeEvent [timestamp=1553339102481, current=DOWN, previous=UP]
2019-03-23 19:05:02.482  INFO 24518 --- [nfoReplicator-0] com.netflix.discovery.DiscoveryClient    : DiscoveryClient_SERVICEREGISTRY/169.254.66.60:serviceRegistry:8762: registering service...
2019-03-23 19:05:02.488  INFO 24518 --- [           main] c.n.eureka.DefaultEurekaServerContext    : Shutting down ...
2019-03-23 19:05:02.489  INFO 24518 --- [nfoReplicator-0] com.netflix.discovery.DiscoveryClient    : DiscoveryClient_SERVICEREGISTRY/169.254.66.60:serviceRegistry:8762 - registration status: 204
2019-03-23 19:05:02.501  INFO 24518 --- [           main] c.n.eureka.DefaultEurekaServerContext    : Shut down
2019-03-23 19:05:02.527  INFO 24518 --- [           main] o.s.s.concurrent.ThreadPoolTaskExecutor  : Shutting down ExecutorService 'applicationTaskExecutor'
2019-03-23 19:05:02.542  INFO 24518 --- [           main] com.netflix.discovery.DiscoveryClient    : Shutting down DiscoveryClient ...
2019-03-23 19:05:05.545  INFO 24518 --- [           main] com.netflix.discovery.DiscoveryClient    : Unregistering ...
2019-03-23 19:05:05.571  INFO 24518 --- [           main] com.netflix.discovery.DiscoveryClient    : DiscoveryClient_SERVICEREGISTRY/169.254.66.60:serviceRegistry:8762 - deregister  status: 200
2019-03-23 19:05:05.604  INFO 24518 --- [           main] com.netflix.discovery.DiscoveryClient    : Completed shut down of DiscoveryClient
2019-03-23 19:05:05.616 ERROR 24518 --- [           main] o.s.b.d.LoggingFailureAnalysisReporter   : 

***************************
APPLICATION FAILED TO START
***************************

Description:

The Tomcat connector configured to listen on port 8762 failed to start. The port may already be in use or the connector may be misconfigured.

Action:

Verify the connector's configuration, identify and stop any process that's listening on port 8762, or configure this application to listen on another port.

