2019-03-23 19:03:53.946  INFO 24542 --- [           main] trationDelegate$BeanPostProcessorChecker : Bean 'org.springframework.cloud.autoconfigure.ConfigurationPropertiesRebinderAutoConfiguration' of type [org.springframework.cloud.autoconfigure.ConfigurationPropertiesRebinderAutoConfiguration$$EnhancerBySpringCGLIB$$3482272e] is not eligible for getting processed by all BeanPostProcessors (for example: not eligible for auto-proxying)

  .   ____          _            __ _ _
 /\\ / ___'_ __ _ _(_)_ __  __ _ \ \ \ \
( ( )\___ | '_ | '_| | '_ \/ _` | \ \ \ \
 \\/  ___)| |_)| | | | | || (_| |  ) ) ) )
  '  |____| .__|_| |_|_| |_\__, | / / / /
 =========|_|==============|___/=/_/_/_/
 :: Spring Boot ::        (v2.1.3.RELEASE)

2019-03-23 19:03:56.979  INFO 24542 --- [           main] com.doer.turbine.TurbineApplication      : The following profiles are active: default
2019-03-23 19:04:07.145  WARN 24542 --- [           main] o.s.boot.actuate.endpoint.EndpointId     : Endpoint ID 'service-registry' contains invalid characters, please migrate to a valid format.
2019-03-23 19:04:09.892  INFO 24542 --- [           main] o.s.cloud.context.scope.GenericScope     : BeanFactory id=20a10feb-7d30-3b41-8ffe-6dfd070727db
2019-03-23 19:04:11.644  INFO 24542 --- [           main] trationDelegate$BeanPostProcessorChecker : Bean 'org.springframework.cloud.autoconfigure.ConfigurationPropertiesRebinderAutoConfiguration' of type [org.springframework.cloud.autoconfigure.ConfigurationPropertiesRebinderAutoConfiguration$$EnhancerBySpringCGLIB$$3482272e] is not eligible for getting processed by all BeanPostProcessors (for example: not eligible for auto-proxying)
2019-03-23 19:04:16.441  INFO 24542 --- [           main] o.s.b.w.embedded.tomcat.TomcatWebServer  : Tomcat initialized with port(s): 8011 (http)
2019-03-23 19:04:17.213  INFO 24542 --- [           main] o.apache.catalina.core.StandardService   : Starting service [Tomcat]
2019-03-23 19:04:17.353  INFO 24542 --- [           main] org.apache.catalina.core.StandardEngine  : Starting Servlet engine: [Apache Tomcat/9.0.16]
2019-03-23 19:04:17.382  INFO 24542 --- [           main] o.a.catalina.core.AprLifecycleListener   : The APR based Apache Tomcat Native library which allows optimal performance in production environments was not found on the java.library.path: [/Users/app/Library/Java/Extensions:/Library/Java/Extensions:/Network/Library/Java/Extensions:/System/Library/Java/Extensions:/usr/lib/java:.]
2019-03-23 19:04:19.985  INFO 24542 --- [           main] o.a.c.c.C.[Tomcat].[localhost].[/]       : Initializing Spring embedded WebApplicationContext
2019-03-23 19:04:19.986  INFO 24542 --- [           main] o.s.web.context.ContextLoader            : Root WebApplicationContext: initialization completed in 22596 ms
2019-03-23 19:04:21.927  WARN 24542 --- [           main] c.n.c.sources.URLConfigurationSource     : No URLs will be polled as dynamic configuration sources.
2019-03-23 19:04:21.962  INFO 24542 --- [           main] c.n.c.sources.URLConfigurationSource     : To enable URLs as dynamic configuration sources, define System property archaius.configurationSource.additionalUrls or make config.properties available on classpath.
2019-03-23 19:04:22.150  INFO 24542 --- [           main] c.netflix.config.DynamicPropertyFactory  : DynamicPropertyFactory is initialized with configuration sources: com.netflix.config.ConcurrentCompositeConfiguration@cd1e646
2019-03-23 19:04:30.009  WARN 24542 --- [           main] c.n.c.sources.URLConfigurationSource     : No URLs will be polled as dynamic configuration sources.
2019-03-23 19:04:30.009  INFO 24542 --- [           main] c.n.c.sources.URLConfigurationSource     : To enable URLs as dynamic configuration sources, define System property archaius.configurationSource.additionalUrls or make config.properties available on classpath.
2019-03-23 19:04:32.968  INFO 24542 --- [           main] o.s.s.concurrent.ThreadPoolTaskExecutor  : Initializing ExecutorService 'applicationTaskExecutor'
2019-03-23 19:04:42.284  INFO 24542 --- [           main] o.s.b.a.e.web.EndpointLinksResolver      : Exposing 2 endpoint(s) beneath base path '/actuator'
2019-03-23 19:04:44.030  INFO 24542 --- [           main] o.s.c.n.turbine.SpringAggregatorFactory  : Could not find monitors: []
2019-03-23 19:04:47.684  INFO 24542 --- [           main] c.n.t.monitor.cluster.ClusterMonitor     : Registering event handler for cluster monitor: StaticListener_For_Aggregator
2019-03-23 19:04:47.694  INFO 24542 --- [           main] c.n.t.handler.TurbineDataDispatcher      : 

Just added and starting handler tuple: StaticListener_For_Aggregator
2019-03-23 19:04:47.695  INFO 24542 --- [           main] c.n.t.monitor.cluster.ClusterMonitor     : All event handlers for cluster monitor: [StaticListener_For_Aggregator]
2019-03-23 19:04:47.695  INFO 24542 --- [           main] c.n.t.monitor.cluster.ClusterMonitor     : Starting up the cluster monitor for default_agg
2019-03-23 19:04:47.711  INFO 24542 --- [           main] c.n.t.discovery.InstanceObservable       : Starting InstanceObservable at frequency: 60000 millis
2019-03-23 19:04:47.711  INFO 24542 --- [        Timer-0] o.s.c.n.t.CommonsInstanceDiscovery       : Fetching instance list for apps: [account-service, cart-service, edge-service, order-service, payment-service, product-service]
2019-03-23 19:04:47.711  INFO 24542 --- [        Timer-0] o.s.c.n.turbine.EurekaInstanceDiscovery  : Fetching instances for app: account-service
2019-03-23 19:04:47.769  INFO 24542 --- [        Timer-0] o.s.c.n.eureka.InstanceInfoFactory       : Setting initial instance status as: STARTING
2019-03-23 19:04:48.547  INFO 24542 --- [        Timer-0] com.netflix.discovery.DiscoveryClient    : Initializing Eureka in region us-east-1
2019-03-23 19:04:53.229  INFO 24542 --- [        Timer-0] c.n.d.provider.DiscoveryJerseyProvider   : Using JSON encoding codec LegacyJacksonJson
2019-03-23 19:04:53.230  INFO 24542 --- [        Timer-0] c.n.d.provider.DiscoveryJerseyProvider   : Using JSON decoding codec LegacyJacksonJson
2019-03-23 19:04:56.175  INFO 24542 --- [        Timer-0] c.n.d.provider.DiscoveryJerseyProvider   : Using XML encoding codec XStreamXml
2019-03-23 19:04:56.176  INFO 24542 --- [        Timer-0] c.n.d.provider.DiscoveryJerseyProvider   : Using XML decoding codec XStreamXml
2019-03-23 19:04:59.338  INFO 24542 --- [        Timer-0] c.n.d.s.r.aws.ConfigClusterResolver      : Resolving eureka endpoints via configuration
2019-03-23 19:04:59.637  INFO 24542 --- [        Timer-0] com.netflix.discovery.DiscoveryClient    : Disable delta property : false
2019-03-23 19:04:59.637  INFO 24542 --- [        Timer-0] com.netflix.discovery.DiscoveryClient    : Single vip registry refresh property : null
2019-03-23 19:04:59.637  INFO 24542 --- [        Timer-0] com.netflix.discovery.DiscoveryClient    : Force full registry fetch : false
2019-03-23 19:04:59.637  INFO 24542 --- [        Timer-0] com.netflix.discovery.DiscoveryClient    : Application is null : false
2019-03-23 19:04:59.638  INFO 24542 --- [        Timer-0] com.netflix.discovery.DiscoveryClient    : Registered Applications size is zero : true
2019-03-23 19:04:59.638  INFO 24542 --- [        Timer-0] com.netflix.discovery.DiscoveryClient    : Application version is -1: true
2019-03-23 19:04:59.638  INFO 24542 --- [        Timer-0] com.netflix.discovery.DiscoveryClient    : Getting all instance registry info from the eureka server
2019-03-23 19:05:04.099  INFO 24542 --- [        Timer-0] com.netflix.discovery.DiscoveryClient    : The response status is 200
2019-03-23 19:05:04.117  INFO 24542 --- [        Timer-0] com.netflix.discovery.DiscoveryClient    : Starting heartbeat executor: renew interval is: 30
2019-03-23 19:05:04.122  INFO 24542 --- [        Timer-0] c.n.discovery.InstanceInfoReplicator     : InstanceInfoReplicator onDemand update allowed rate per min is 4
2019-03-23 19:05:04.131  INFO 24542 --- [        Timer-0] com.netflix.discovery.DiscoveryClient    : Discovery Client initialized at timestamp 1553339104128 with initial instances count: 1
2019-03-23 19:05:04.144  WARN 24542 --- [        Timer-0] o.s.c.n.turbine.EurekaInstanceDiscovery  : Eureka returned null for app: account-service
2019-03-23 19:05:04.145  INFO 24542 --- [           main] o.s.c.n.e.s.EurekaServiceRegistry        : Registering application TURBINE-MONITOR with eureka with status UP
2019-03-23 19:05:04.145  INFO 24542 --- [        Timer-0] o.s.c.n.turbine.EurekaInstanceDiscovery  : Fetching instances for app: cart-service
2019-03-23 19:05:04.145  WARN 24542 --- [        Timer-0] o.s.c.n.turbine.EurekaInstanceDiscovery  : Eureka returned null for app: cart-service
2019-03-23 19:05:04.145  INFO 24542 --- [        Timer-0] o.s.c.n.turbine.EurekaInstanceDiscovery  : Fetching instances for app: edge-service
2019-03-23 19:05:04.145  WARN 24542 --- [        Timer-0] o.s.c.n.turbine.EurekaInstanceDiscovery  : Eureka returned null for app: edge-service
2019-03-23 19:05:04.145  INFO 24542 --- [        Timer-0] o.s.c.n.turbine.EurekaInstanceDiscovery  : Fetching instances for app: order-service
2019-03-23 19:05:04.146  WARN 24542 --- [        Timer-0] o.s.c.n.turbine.EurekaInstanceDiscovery  : Eureka returned null for app: order-service
2019-03-23 19:05:04.146  INFO 24542 --- [        Timer-0] o.s.c.n.turbine.EurekaInstanceDiscovery  : Fetching instances for app: payment-service
2019-03-23 19:05:04.146  WARN 24542 --- [        Timer-0] o.s.c.n.turbine.EurekaInstanceDiscovery  : Eureka returned null for app: payment-service
2019-03-23 19:05:04.146  INFO 24542 --- [           main] com.netflix.discovery.DiscoveryClient    : Saw local status change event StatusChangeEvent [timestamp=1553339104146, current=UP, previous=STARTING]
2019-03-23 19:05:04.146  INFO 24542 --- [        Timer-0] o.s.c.n.turbine.EurekaInstanceDiscovery  : Fetching instances for app: product-service
2019-03-23 19:05:04.147  WARN 24542 --- [        Timer-0] o.s.c.n.turbine.EurekaInstanceDiscovery  : Eureka returned null for app: product-service
2019-03-23 19:05:04.149  INFO 24542 --- [nfoReplicator-0] com.netflix.discovery.DiscoveryClient    : DiscoveryClient_TURBINE-MONITOR/169.254.66.60:turbine-monitor:8011: registering service...
2019-03-23 19:05:04.148  INFO 24542 --- [        Timer-0] c.n.t.discovery.InstanceObservable       : Retrieved hosts from InstanceDiscovery: 0
2019-03-23 19:05:04.149  INFO 24542 --- [        Timer-0] c.n.t.discovery.InstanceObservable       : Found hosts that have been previously terminated: 0
2019-03-23 19:05:04.164  INFO 24542 --- [        Timer-0] c.n.t.discovery.InstanceObservable       : Hosts up:0, hosts down: 0
2019-03-23 19:05:04.660  INFO 24542 --- [nfoReplicator-0] com.netflix.discovery.DiscoveryClient    : DiscoveryClient_TURBINE-MONITOR/169.254.66.60:turbine-monitor:8011 - registration status: 204
2019-03-23 19:05:05.019  INFO 24542 --- [           main] o.s.b.w.embedded.tomcat.TomcatWebServer  : Tomcat started on port(s): 8011 (http) with context path ''
2019-03-23 19:05:05.022  INFO 24542 --- [           main] .s.c.n.e.s.EurekaAutoServiceRegistration : Updating port to 8011
2019-03-23 19:05:05.036  INFO 24542 --- [           main] com.doer.turbine.TurbineApplication      : Started TurbineApplication in 88.565 seconds (JVM running for 93.633)
2019-03-23 19:05:47.717  INFO 24542 --- [        Timer-0] o.s.c.n.t.CommonsInstanceDiscovery       : Fetching instance list for apps: [account-service, cart-service, edge-service, order-service, payment-service, product-service]
2019-03-23 19:05:47.723  INFO 24542 --- [        Timer-0] o.s.c.n.turbine.EurekaInstanceDiscovery  : Fetching instances for app: account-service
2019-03-23 19:05:47.727  INFO 24542 --- [        Timer-0] o.s.c.n.turbine.EurekaInstanceDiscovery  : Received instance list for app: account-service, size=1
2019-03-23 19:05:47.785  INFO 24542 --- [        Timer-0] o.s.c.n.turbine.EurekaInstanceDiscovery  : Fetching instances for app: cart-service
2019-03-23 19:05:47.785  INFO 24542 --- [        Timer-0] o.s.c.n.turbine.EurekaInstanceDiscovery  : Received instance list for app: cart-service, size=1
2019-03-23 19:05:47.786  INFO 24542 --- [        Timer-0] o.s.c.n.turbine.EurekaInstanceDiscovery  : Fetching instances for app: edge-service
2019-03-23 19:05:47.786  INFO 24542 --- [        Timer-0] o.s.c.n.turbine.EurekaInstanceDiscovery  : Received instance list for app: edge-service, size=1
2019-03-23 19:05:47.786  INFO 24542 --- [        Timer-0] o.s.c.n.turbine.EurekaInstanceDiscovery  : Fetching instances for app: order-service
2019-03-23 19:05:47.786  INFO 24542 --- [        Timer-0] o.s.c.n.turbine.EurekaInstanceDiscovery  : Received instance list for app: order-service, size=1
2019-03-23 19:05:47.787  INFO 24542 --- [        Timer-0] o.s.c.n.turbine.EurekaInstanceDiscovery  : Fetching instances for app: payment-service
2019-03-23 19:05:47.787  INFO 24542 --- [        Timer-0] o.s.c.n.turbine.EurekaInstanceDiscovery  : Received instance list for app: payment-service, size=1
2019-03-23 19:05:47.787  INFO 24542 --- [        Timer-0] o.s.c.n.turbine.EurekaInstanceDiscovery  : Fetching instances for app: product-service
2019-03-23 19:05:47.787  INFO 24542 --- [        Timer-0] o.s.c.n.turbine.EurekaInstanceDiscovery  : Received instance list for app: product-service, size=1
2019-03-23 19:05:47.787  INFO 24542 --- [        Timer-0] c.n.t.discovery.InstanceObservable       : Retrieved hosts from InstanceDiscovery: 6
2019-03-23 19:05:47.787  INFO 24542 --- [        Timer-0] c.n.t.discovery.InstanceObservable       : Found hosts that have been previously terminated: 0
2019-03-23 19:05:47.788  INFO 24542 --- [        Timer-0] c.n.t.discovery.InstanceObservable       : Hosts up:6, hosts down: 0
